PCAD Importer Log
Project : SD-Wireless control.PrjPcb

Section : E:\PCAD\PROJECT\SD-Wireless control.sch
    Section : Parsing Messages
        Warning - 1 : Skipping Token defaultPinDes On Line 343
        Warning - 1 : Skipping Token defaultPinDes On Line 350
        Warning - 1 : Skipping Token defaultPinDes On Line 357
        Warning - 1 : Skipping Token defaultPinDes On Line 364
        Warning - 1 : Skipping Token defaultPinDes On Line 371
        Warning - 1 : Skipping Token defaultPinDes On Line 378
        Warning - 1 : Skipping Token defaultPinDes On Line 442
        Warning - 1 : Skipping Token defaultPinDes On Line 450
        Warning - 1 : Skipping Token defaultPinDes On Line 458
        Warning - 1 : Skipping Token defaultPinDes On Line 466
        Warning - 1 : Skipping Token defaultPinDes On Line 474
        Warning - 1 : Skipping Token defaultPinDes On Line 490
        Warning - 1 : Skipping Token defaultPinDes On Line 497
        Warning - 1 : Skipping Token defaultPinDes On Line 504
        Warning - 1 : Skipping Token defaultPinDes On Line 520
        Warning - 1 : Skipping Token defaultPinDes On Line 527
        Warning - 1 : Skipping Token defaultPinDes On Line 546
        Warning - 1 : Skipping Token defaultPinDes On Line 554
        Warning - 1 : Skipping Token defaultPinDes On Line 562
        Warning - 1 : Skipping Token defaultPinDes On Line 604
        Warning - 1 : Skipping Token defaultPinDes On Line 611
        Warning - 1 : Skipping Token defaultPinDes On Line 618
        Warning - 1 : Skipping Token defaultPinDes On Line 637
        Warning - 1 : Skipping Token defaultPinDes On Line 645
        Warning - 1 : Skipping Token defaultPinDes On Line 661
        Warning - 1 : Skipping Token defaultPinDes On Line 668
        Warning - 1 : Skipping Token defaultPinDes On Line 687
        Warning - 1 : Skipping Token defaultPinDes On Line 695
        Warning - 1 : Skipping Token defaultPinDes On Line 703
        Warning - 1 : Skipping Token defaultPinDes On Line 711
        Warning - 1 : Skipping Token defaultPinDes On Line 719
        Warning - 1 : Skipping Token defaultPinDes On Line 727
        Warning - 1 : Skipping Token defaultPinDes On Line 735
        Warning - 1 : Skipping Token defaultPinDes On Line 743
        Warning - 1 : Skipping Token defaultPinDes On Line 751
        Warning - 1 : Skipping Token defaultPinDes On Line 759
        Warning - 1 : Skipping Token defaultPinDes On Line 767
        Warning - 1 : Skipping Token defaultPinDes On Line 775
        Warning - 1 : Skipping Token defaultPinDes On Line 783
        Warning - 1 : Skipping Token defaultPinDes On Line 791
        Warning - 1 : Skipping Token defaultPinDes On Line 799
        Warning - 1 : Skipping Token defaultPinDes On Line 807
        Warning - 1 : Skipping Token defaultPinDes On Line 815
        Warning - 1 : Skipping Token defaultPinDes On Line 823
        Warning - 1 : Skipping Token defaultPinDes On Line 831
        Warning - 1 : Skipping Token defaultPinDes On Line 839
        Warning - 1 : Skipping Token defaultPinDes On Line 847
        Warning - 1 : Skipping Token defaultPinDes On Line 855
        Warning - 1 : Skipping Token defaultPinDes On Line 863
        Warning - 1 : Skipping Token defaultPinDes On Line 871
        Warning - 1 : Skipping Token defaultPinDes On Line 879
        Warning - 1 : Skipping Token defaultPinDes On Line 887
        Warning - 1 : Skipping Token defaultPinDes On Line 895
        Warning - 1 : Skipping Token defaultPinDes On Line 903
        Warning - 1 : Skipping Token defaultPinDes On Line 911
        Warning - 1 : Skipping Token defaultPinDes On Line 919
        Warning - 1 : Skipping Token defaultPinDes On Line 927
        Warning - 1 : Skipping Token defaultPinDes On Line 935
        Warning - 1 : Skipping Token defaultPinDes On Line 943
        Warning - 1 : Skipping Token defaultPinDes On Line 951
        Warning - 1 : Skipping Token defaultPinDes On Line 959
        Warning - 1 : Skipping Token defaultPinDes On Line 967
        Warning - 1 : Skipping Token defaultPinDes On Line 975
        Warning - 1 : Skipping Token defaultPinDes On Line 983
        Warning - 1 : Skipping Token defaultPinDes On Line 991
        Warning - 1 : Skipping Token defaultPinDes On Line 999
        Warning - 1 : Skipping Token defaultPinDes On Line 1007
        Warning - 1 : Skipping Token defaultPinDes On Line 1015
        Warning - 1 : Skipping Token defaultPinDes On Line 1023
        Warning - 1 : Skipping Token defaultPinDes On Line 1031
        Warning - 1 : Skipping Token defaultPinDes On Line 1039
        Warning - 1 : Skipping Token defaultPinDes On Line 1047
        Warning - 1 : Skipping Token defaultPinDes On Line 1064
        Warning - 1 : Skipping Token defaultPinDes On Line 1072
        Warning - 1 : Skipping Token defaultPinDes On Line 1080
        Warning - 1 : Skipping Token defaultPinDes On Line 1088
        Warning - 1 : Skipping Token defaultPinDes On Line 1095
        Warning - 1 : Skipping Token defaultPinDes On Line 1103
        Warning - 1 : Skipping Token defaultPinDes On Line 1111
        Warning - 1 : Skipping Token defaultPinDes On Line 1119
        Warning - 1 : Skipping Token defaultPinDes On Line 1370
        Warning - 1 : Skipping Token defaultPinDes On Line 1378
        Warning - 1 : Skipping Token defaultPinDes On Line 1386
        Warning - 1 : Skipping Token defaultPinDes On Line 1394
        Warning - 1 : Skipping Token defaultPinDes On Line 1402
        Warning - 1 : Skipping Token defaultPinDes On Line 1410
        Warning - 1 : Skipping Token defaultPinDes On Line 1418
        Warning - 1 : Skipping Token defaultPinDes On Line 1426
        Warning - 1 : Skipping Token defaultPinDes On Line 1443
        Warning - 1 : Skipping Token defaultPinDes On Line 1457
        Warning - 1 : Skipping Token defaultPinDes On Line 1465
        Warning - 1 : Skipping Token defaultPinDes On Line 1473
        Warning - 1 : Skipping Token defaultPinDes On Line 1481
        Warning - 1 : Skipping Token defaultPinDes On Line 1489
        Warning - 1 : Skipping Token defaultPinDes On Line 1497
        Warning - 1 : Skipping Token defaultPinDes On Line 1505
        Warning - 1 : Skipping Token defaultPinDes On Line 1513
        Warning - 1 : Skipping Token defaultPinDes On Line 1521
        Warning - 1 : Skipping Token defaultPinDes On Line 1529
        Warning - 1 : Skipping Token defaultPinDes On Line 1537
        Warning - 1 : Skipping Token defaultPinDes On Line 1545
        Warning - 1 : Skipping Token defaultPinDes On Line 1561
        Warning - 1 : Skipping Token defaultPinDes On Line 1568
        Warning - 1 : Skipping Token defaultPinDes On Line 1588
        Warning - 1 : Skipping Token defaultPinDes On Line 1595
        Warning - 1 : Skipping Token defaultPinDes On Line 1602
        Warning - 1 : Skipping Token defaultPinDes On Line 1642
        Warning - 1 : Skipping Token defaultPinDes On Line 1650
        Warning - 1 : Skipping Token gridDfns On Line 3024
        Warning - 1 : Skipping Token refPointSize On Line 3051
        Warning - 1 : Skipping Token infoPointSize On Line 3052
        Warning - 1 : Skipping Token junctionSize On Line 3053
        Warning - 1 : Skipping Token refPointSizePrint On Line 3054
        Warning - 1 : Skipping Token infoPointSizePrint On Line 3055
        Warning - 1 : Skipping Token junctionSizePrint On Line 3056
        Warning - 1 : Skipping Token ScaleToFitPage On Line 3946
        Warning - 1 : Skipping Token PrintRegion On Line 3949
        Warning - 1 : Skipping Token schematicPrintSettings On Line 3953
        Warning - 1 : Skipping Token ecoState On Line 3968
        Warning - 1 : Skipping Token currentTextStyle On Line 3969
        Warning - 1 : Skipping Token reportSettings On Line 3972
    EndSection

    Section : Generating SCH Library - SD-Wireless control.SchLib
    EndSection

    Section : Generating SCH Sheet - Sheet1.SCHDOC
        Warning : Add Power Object for Pin Name [GND] at location [8535.433mil : 5547.244mil]
        Warning : Add Power Object for Pin Name [GND] at location [13472.441mil : 8263.78mil]
        Warning : Add Power Object for Pin Name [GND] at location [685.039mil : 10496.063mil]
        Warning : Add Power Object for Pin Name [GND] at location [1527.559mil : 1728.347mil]
        Warning : Add Power Object for Pin Name [GND] at location [3330.709mil : 9074.803mil]
        Warning : Add Power Object for Pin Name [GND] at location [3000mil : 10547.244mil]
        Warning : Add Power Object for Pin Name [GND] at location [5700.787mil : 755.905mil]
        Warning : Add Power Object for Pin Name [GND] at location [5299.213mil : 8921.26mil]
        Warning : Add Power Object for Pin Name [GND] at location [5389.764mil : 10559.055mil]
        Warning : Add Power Object for Pin Name [GND] at location [5944.882mil : 10559.055mil]
        Warning : Add Power Object for Pin Name [GND] at location [6893.701mil : 700.787mil]
        Warning : Add Power Object for Pin Name [GND] at location [6818.898mil : 2047.244mil]
        Warning : Add Power Object for Pin Name [GND] at location [6838.583mil : 4208.661mil]
        Warning : Add Power Object for Pin Name [GND] at location [6307.087mil : 8937.008mil]
        Warning : Add Power Object for Pin Name [GND] at location [6728.346mil : 10602.362mil]
        Warning : Add Power Object for Pin Name [GND] at location [8893.701mil : 2728.347mil]
        Warning : Add Power Object for Pin Name [GND] at location [11688.976mil : 5334.646mil]
        Warning : Add Power Object for Pin Name [GND] at location [12610.236mil : 6913.386mil]
        Warning : Add Power Object for Pin Name [GND] at location [13677.165mil : 1807.087mil]
        Warning : Add Power Object for Pin Name [GND] at location [468.504mil : 2484.252mil]
        Warning : Add Power Object for Pin Name [GND] at location [1740.158mil : 9913.386mil]
        Warning : Add Power Object for Pin Name [GND] at location [12582.677mil : 5015.748mil]
        Warning : Add Power Object for Pin Name [GND] at location [15003.937mil : 1511.811mil]
        Warning : Add Power Object for Pin Name [GND] at location [3681.102mil : 539.37mil]
        Warning : Add Power Object for Pin Name [GND] at location [4866.142mil : 8043.307mil]
        Warning : Add Power Object for Pin Name [GND] at location [3834.646mil : 10287.402mil]
        Warning : Add Power Object for Pin Name [GND] at location [7448.819mil : 566.929mil]
        Warning : Add Power Object for Pin Name [GND] at location [7476.378mil : 3543.307mil]
        Warning : Add Power Object for Pin Name [GND] at location [11011.811mil : 858.268mil]
        Warning : Add Power Object for Pin Name [GND] at location [3783.465mil : 8555.118mil]
        Warning : Add Power Object for Pin Name [GND] at location [4799.213mil : 9645.669mil]
    EndSection

    Section : Analyzing SCH Sheet - Sheet1.SCHDOC
        Warning : Unspecified port [CTS] width was re-calculated to [300mil]
        Warning : Unspecified port [DTR] width was re-calculated to [300mil]
        Warning : Unspecified port [ON/OFF] width was re-calculated to [300mil]
        Warning : Unspecified port [ON/OFF] width was re-calculated to [300mil]
        Warning : Unspecified port [PKT_F] width was re-calculated to [300mil]
        Warning : Unspecified port [READY] width was re-calculated to [300mil]
        Warning : Input port [RES] width was re-calculated to [300mil]
        Warning : Input port [RES] width was re-calculated to [300mil]
        Warning : Unspecified port [RESET] width was re-calculated to [300mil]
        Warning : Unspecified port [RESET] width was re-calculated to [300mil]
        Warning : Unspecified port [RTS] width was re-calculated to [300mil]
        Warning : Unspecified port [RXD] width was re-calculated to [300mil]
        Warning : Input port [SPI_CLK] width was re-calculated to [300mil]
        Warning : Input port [SPI_MISO] width was re-calculated to [300mil]
        Warning : Input port [SPI_MOSI] width was re-calculated to [300mil]
        Warning : Unspecified port [TXD] width was re-calculated to [300mil]
    EndSection
EndSection
