Removed Pin From Net: NetName=NET00008 Pin=ANT1-1
Removed Pin From Net: NetName=RXD Pin=R10-2
Removed Pin From Net: NetName=NET00012 Pin=R11-2
Removed Pin From Net: NetName=TXD Pin=R14-2
Removed Pin From Net: NetName=NET00014 Pin=R15-2
Removed Pin From Net: NetName=NET00051 Pin=R18-2
Removed Pin From Net: NetName=NET00002 Pin=U1-4
Removed Pin From Net: NetName=VCC4.2V Pin=U1-5
Removed Pin From Net: NetName=NET00003 Pin=U2-7
Removed Pin From Net: NetName=NET00025 Pin=U3-12
Removed Pin From Net: NetName=SPI_MOSI Pin=U5-5
Removed Pin From Net: NetName=NET00023 Pin=VD2-2
Removed Pin From Net: NetName=NET00012 Pin=VT3-2
Removed Pin From Net: NetName=RXD Pin=VT3-3
Removed Pin From Net: NetName=NET00004 Pin=X3-1
Removed Pin From Net: NetName=NET00007 Pin=X3-2
Removed Pin From Net: NetName=NET00006 Pin=X3-3
Change Component DesignItemId : Designator=ANT1 Old DesignItemId= New DesignItemId=ANT-CAB
Change Component DesignItemId : Designator=U4 Old DesignItemId= New DesignItemId=ATMEGA8L-8AI
Change Component DesignItemId : Designator=VT1 Old DesignItemId= New DesignItemId=BSS138-SOT23
Change Component DesignItemId : Designator=VT2 Old DesignItemId= New DesignItemId=BSS138-SOT23
Change Component DesignItemId : Designator=VT3 Old DesignItemId= New DesignItemId=BSS138-SOT23
Change Component DesignItemId : Designator=VT4 Old DesignItemId= New DesignItemId=BSS138-SOT23
Change Component DesignItemId : Designator=VT5 Old DesignItemId= New DesignItemId=BSS138-SOT23
Change Component DesignItemId : Designator=VD1 Old DesignItemId= New DesignItemId=BZX84C2V7
Change Component DesignItemId : Designator=VD3 Old DesignItemId= New DesignItemId=BZX84C2V7
Change Component DesignItemId : Designator=X1 Old DesignItemId= New DesignItemId=DG350-3.5-2P
Change Component DesignItemId : Designator=X2 Old DesignItemId= New DesignItemId=DG350-3.5-2P
Change Component DesignItemId : Designator=X4 Old DesignItemId= New DesignItemId=DG350-3.5-2P
Change Component DesignItemId : Designator=C1 Old DesignItemId= New DesignItemId=KONDENS-E6.5MM
Change Component DesignItemId : Designator=C2 Old DesignItemId= New DesignItemId=KONDENS-E6.5MM
Change Component DesignItemId : Designator=C6 Old DesignItemId= New DesignItemId=KONDENS-E6.5MM
Change Component DesignItemId : Designator=C3 Old DesignItemId= New DesignItemId=KONDENS_SMD
Change Component DesignItemId : Designator=C4 Old DesignItemId= New DesignItemId=KONDENS_SMD
Change Component DesignItemId : Designator=C5 Old DesignItemId= New DesignItemId=KONDENS_SMD
Change Component DesignItemId : Designator=C7 Old DesignItemId= New DesignItemId=KONDENS_SMD
Change Component DesignItemId : Designator=C8 Old DesignItemId= New DesignItemId=KONDENS_SMD
Change Component DesignItemId : Designator=C9 Old DesignItemId= New DesignItemId=KONDENS_SMD
Change Component DesignItemId : Designator=C10 Old DesignItemId= New DesignItemId=KONDENS_SMD
Change Component DesignItemId : Designator=U1 Old DesignItemId= New DesignItemId=L200CV
Change Component DesignItemId : Designator=VD4 Old DesignItemId= New DesignItemId=LIGHTDIODE2
Change Component DesignItemId : Designator=VD2 Old DesignItemId= New DesignItemId=LL4148
Change Component DesignItemId : Designator=U2 Old DesignItemId= New DesignItemId=LP2951
Change Component DesignItemId : Designator=X3 Old DesignItemId= New DesignItemId=MOLEX91228-0001
Change Component DesignItemId : Designator=S1 Old DesignItemId= New DesignItemId=PD 9-1
Change Component DesignItemId : Designator=X5 Old DesignItemId= New DesignItemId=PLD2-06
Change Component DesignItemId : Designator=R1 Old DesignItemId= New DesignItemId=R2W
Change Component DesignItemId : Designator=R2 Old DesignItemId= New DesignItemId=RR0805
Change Component DesignItemId : Designator=R3 Old DesignItemId= New DesignItemId=RR0805
Change Component DesignItemId : Designator=R4 Old DesignItemId= New DesignItemId=RR0805
Change Component DesignItemId : Designator=R5 Old DesignItemId= New DesignItemId=RR0805
Change Component DesignItemId : Designator=R6 Old DesignItemId= New DesignItemId=RR0805
Change Component DesignItemId : Designator=R7 Old DesignItemId= New DesignItemId=RR0805
Change Component DesignItemId : Designator=R8 Old DesignItemId= New DesignItemId=RR0805
Change Component DesignItemId : Designator=R9 Old DesignItemId= New DesignItemId=RR0805
Change Component DesignItemId : Designator=R10 Old DesignItemId= New DesignItemId=RR0805
Change Component DesignItemId : Designator=R11 Old DesignItemId= New DesignItemId=RR0805
Change Component DesignItemId : Designator=R12 Old DesignItemId= New DesignItemId=RR0805
Change Component DesignItemId : Designator=R13 Old DesignItemId= New DesignItemId=RR0805
Change Component DesignItemId : Designator=R14 Old DesignItemId= New DesignItemId=RR0805
Change Component DesignItemId : Designator=R15 Old DesignItemId= New DesignItemId=RR0805
Change Component DesignItemId : Designator=R16 Old DesignItemId= New DesignItemId=RR0805
Change Component DesignItemId : Designator=R17 Old DesignItemId= New DesignItemId=RR0805
Change Component DesignItemId : Designator=R18 Old DesignItemId= New DesignItemId=RR0805
Change Component DesignItemId : Designator=R19 Old DesignItemId= New DesignItemId=RR0805
Change Component DesignItemId : Designator=U5 Old DesignItemId= New DesignItemId=TR24A
Change Component DesignItemId : Designator=U3 Old DesignItemId= New DesignItemId=WISMO 228
Change Component DesignItemId : Designator=ZQ1 Old DesignItemId= New DesignItemId=по-99_(SMD)
Change Component Comment : Designator=ANT1 Old Comment= New Comment=ANT-CAB
Change Component Comment : Designator=U4 Old Comment= New Comment=ATMEGA8L-8AI
Change Component Comment : Designator=VT1 Old Comment= New Comment=BSS138-SOT23
Change Component Comment : Designator=VT2 Old Comment= New Comment=BSS138-SOT23
Change Component Comment : Designator=VT3 Old Comment= New Comment=BSS138-SOT23
Change Component Comment : Designator=VT4 Old Comment= New Comment=BSS138-SOT23
Change Component Comment : Designator=VT5 Old Comment= New Comment=BSS138-SOT23
Change Component Comment : Designator=VD1 Old Comment= New Comment=BZX84C2V7
Change Component Comment : Designator=VD3 Old Comment= New Comment=BZX84C2V7
Change Component Comment : Designator=X1 Old Comment= New Comment=DG350-3.5-2P
Change Component Comment : Designator=X2 Old Comment= New Comment=DG350-3.5-2P
Change Component Comment : Designator=X4 Old Comment= New Comment=DG350-3.5-2P
Change Component Comment : Designator=U1 Old Comment= New Comment=L200CV
Change Component Comment : Designator=VD4 Old Comment= New Comment=LIGHTDIODE2
Change Component Comment : Designator=VD2 Old Comment= New Comment=LL4148
Change Component Comment : Designator=U2 Old Comment= New Comment=LP2951
Change Component Comment : Designator=X3 Old Comment= New Comment=MOLEX91228-0001
Change Component Comment : Designator=S1 Old Comment= New Comment=PD 9-1
Change Component Comment : Designator=X5 Old Comment= New Comment=PLD2-06
Change Component Comment : Designator=U5 Old Comment= New Comment=TR24A
Change Component Comment : Designator=U3 Old Comment= New Comment=WISMO 228
Change Component Comment : Designator=C5 Old Comment=0.1uF New Comment=KONDENS_SMD
Change Component Comment : Designator=C7 Old Comment=0.1uF New Comment=KONDENS_SMD
Change Component Comment : Designator=C8 Old Comment=0.1uF New Comment=KONDENS_SMD
Change Component Comment : Designator=R3 Old Comment=1K New Comment=RR0805
Change Component Comment : Designator=ZQ1 Old Comment=3.6864 MHz New Comment=по-99_(SMD)
Change Component Comment : Designator=R6 Old Comment=10K New Comment=RR0805
Change Component Comment : Designator=R7 Old Comment=10K New Comment=RR0805
Change Component Comment : Designator=R8 Old Comment=10K New Comment=RR0805
Change Component Comment : Designator=R9 Old Comment=10K New Comment=RR0805
Change Component Comment : Designator=R10 Old Comment=10K New Comment=RR0805
Change Component Comment : Designator=R11 Old Comment=10K New Comment=RR0805
Change Component Comment : Designator=R12 Old Comment=10K New Comment=RR0805
Change Component Comment : Designator=R13 Old Comment=10K New Comment=RR0805
Change Component Comment : Designator=R14 Old Comment=10K New Comment=RR0805
Change Component Comment : Designator=R15 Old Comment=10K New Comment=RR0805
Change Component Comment : Designator=R1 Old Comment=15R New Comment=R2W
Change Component Comment : Designator=C3 Old Comment=22 pF New Comment=KONDENS_SMD
Change Component Comment : Designator=C9 Old Comment=22 pF New Comment=KONDENS_SMD
Change Component Comment : Designator=C10 Old Comment=22 pF New Comment=KONDENS_SMD
Change Component Comment : Designator=C4 Old Comment=56pF New Comment=KONDENS_SMD
Change Component Comment : Designator=R5 Old Comment=100K New Comment=RR0805
Change Component Comment : Designator=C1 Old Comment=100 uF New Comment=KONDENS-E6.5MM
Change Component Comment : Designator=C2 Old Comment=100 uF New Comment=KONDENS-E6.5MM
Change Component Comment : Designator=C6 Old Comment=100uF New Comment=KONDENS-E6.5MM
Change Component Comment : Designator=R4 Old Comment=170K New Comment=RR0805
Change Component Comment : Designator=R16 Old Comment=200R New Comment=RR0805
Change Component Comment : Designator=R17 Old Comment=200R New Comment=RR0805
Change Component Comment : Designator=R18 Old Comment=200R New Comment=RR0805
Change Component Comment : Designator=R19 Old Comment=200R New Comment=RR0805
Change Component Comment : Designator=R2 Old Comment=500R New Comment=RR0805
Change Component Description : Designator=ANT1 Old Description= New Description=ANT-CAB
Change Component Description : Designator=U4 Old Description= New Description=ATMEGA8L-8AI
Change Component Description : Designator=VT1 Old Description= New Description=BSS138-SOT23
Change Component Description : Designator=VT2 Old Description= New Description=BSS138-SOT23
Change Component Description : Designator=VT3 Old Description= New Description=BSS138-SOT23
Change Component Description : Designator=VT4 Old Description= New Description=BSS138-SOT23
Change Component Description : Designator=VT5 Old Description= New Description=BSS138-SOT23
Change Component Description : Designator=VD1 Old Description= New Description=BZX84C2V7
Change Component Description : Designator=VD3 Old Description= New Description=BZX84C2V7
Change Component Description : Designator=X1 Old Description= New Description=DG350-3.5-2P
Change Component Description : Designator=X2 Old Description= New Description=DG350-3.5-2P
Change Component Description : Designator=X4 Old Description= New Description=DG350-3.5-2P
Change Component Description : Designator=C1 Old Description= New Description=KONDENS-E6.5MM
Change Component Description : Designator=C2 Old Description= New Description=KONDENS-E6.5MM
Change Component Description : Designator=C6 Old Description= New Description=KONDENS-E6.5MM
Change Component Description : Designator=C3 Old Description= New Description=KONDENS_SMD
Change Component Description : Designator=C4 Old Description= New Description=KONDENS_SMD
Change Component Description : Designator=C5 Old Description= New Description=KONDENS_SMD
Change Component Description : Designator=C7 Old Description= New Description=KONDENS_SMD
Change Component Description : Designator=C8 Old Description= New Description=KONDENS_SMD
Change Component Description : Designator=C9 Old Description= New Description=KONDENS_SMD
Change Component Description : Designator=C10 Old Description= New Description=KONDENS_SMD
Change Component Description : Designator=U1 Old Description= New Description=L200CV
Change Component Description : Designator=VD4 Old Description= New Description=LIGHTDIODE2
Change Component Description : Designator=VD2 Old Description= New Description=LL4148
Change Component Description : Designator=U2 Old Description= New Description=LP2951
Change Component Description : Designator=X3 Old Description= New Description=MOLEX91228-0001
Change Component Description : Designator=S1 Old Description= New Description=PD 9-1
Change Component Description : Designator=X5 Old Description= New Description=PLD2-06
Change Component Description : Designator=R1 Old Description= New Description=R2W
Change Component Description : Designator=R2 Old Description= New Description=RR0805
Change Component Description : Designator=R3 Old Description= New Description=RR0805
Change Component Description : Designator=R4 Old Description= New Description=RR0805
Change Component Description : Designator=R5 Old Description= New Description=RR0805
Change Component Description : Designator=R6 Old Description= New Description=RR0805
Change Component Description : Designator=R7 Old Description= New Description=RR0805
Change Component Description : Designator=R8 Old Description= New Description=RR0805
Change Component Description : Designator=R9 Old Description= New Description=RR0805
Change Component Description : Designator=R10 Old Description= New Description=RR0805
Change Component Description : Designator=R11 Old Description= New Description=RR0805
Change Component Description : Designator=R12 Old Description= New Description=RR0805
Change Component Description : Designator=R13 Old Description= New Description=RR0805
Change Component Description : Designator=R14 Old Description= New Description=RR0805
Change Component Description : Designator=R15 Old Description= New Description=RR0805
Change Component Description : Designator=R16 Old Description= New Description=RR0805
Change Component Description : Designator=R17 Old Description= New Description=RR0805
Change Component Description : Designator=R18 Old Description= New Description=RR0805
Change Component Description : Designator=R19 Old Description= New Description=RR0805
Change Component Description : Designator=U5 Old Description= New Description=TR24A
Change Component Description : Designator=U3 Old Description= New Description=WISMO 228
Change Component Description : Designator=ZQ1 Old Description=Capacitor New Description=по-99_(SMD)
Added Pin To Net: NetName=NetC9_1 Pin=C9-1
Added Pin To Net: NetName=NetC9_1 Pin=C10-1
Added Net: Name=NetC9_1
Added Pin To Net: NetName=NetU3_20 Pin=U3-20
Added Pin To Net: NetName=NetU3_20 Pin=U3-22
Added Pin To Net: NetName=NetU3_20 Pin=U3-23
Added Net: Name=NetU3_20
Added Pin To Net: NetName=NetU4_3 Pin=U4-3
Added Pin To Net: NetName=NetU4_3 Pin=U4-5
Added Pin To Net: NetName=NetU4_3 Pin=U4-21
Added Net: Name=NetU4_3
Added Class: Name=Sheet1
Added Room: Name=Sheet1
