Change Component Designator: Old Designator=C10 New Designator=C14
Change Component Designator: Old Designator=C11 New Designator=C10
Change Component Designator: Old Designator=C14 New Designator=C15
Change Component Designator: Old Designator=C15 New Designator=C16
Change Component Designator: Old Designator=C16 New Designator=C17
Change Component Designator: Old Designator=C? New Designator=C11
Change Component Designator: Old Designator=C? New Designator=C18
Change Component Designator: Old Designator=C? New Designator=C19
Change Component Designator: Old Designator=C? New Designator=C20
Change Component Designator: Old Designator=C? New Designator=C21
Change Component Designator: Old Designator=C? New Designator=C22
Change Component Designator: Old Designator=C? New Designator=C23
Change Component Designator: Old Designator=D? New Designator=D1
Change Component Designator: Old Designator=GB? New Designator=GB1
Change Component Designator: Old Designator=P? New Designator=P1
Change Component Designator: Old Designator=P? New Designator=P2
Change Component Designator: Old Designator=R1 New Designator=R4
Change Component Designator: Old Designator=R2 New Designator=R1
Change Component Designator: Old Designator=R? New Designator=R2
Change Component Designator: Old Designator=R? New Designator=R3
Change Component Designator: Old Designator=R? New Designator=R5
Change Component Designator: Old Designator=S? New Designator=S1
Change Component Designator: Old Designator=S? New Designator=S2
Change Component Designator: Old Designator=U1 New Designator=U2
Change Component Designator: Old Designator=U? New Designator=U1
Change Component Designator: Old Designator=VD? New Designator=VD1
