wwPCAD Importer Log
Project : NEW.LibPkg

Section : E:\PCAD\LIB\NEW.lib
    Section : PCB Library - NEW.PcbLib
        Section : Load Messages
            Warning - 1 : Skipping Token defaultPinDes On Line 510
            Warning - 1 : Skipping Token defaultPinDes On Line 511
            Warning - 1 : Skipping Token defaultPinDes On Line 512
            Warning - 1 : Skipping Token defaultPinDes On Line 527
            Warning - 1 : Skipping Token defaultPinDes On Line 528
            Warning - 1 : Skipping Token defaultPinDes On Line 641
            Warning - 1 : Skipping Token defaultPinDes On Line 642
            Warning - 1 : Skipping Token defaultPinDes On Line 643
            Warning - 1 : Skipping Token defaultPinDes On Line 644
            Warning - 1 : Skipping Token defaultPinDes On Line 645
            Warning - 1 : Skipping Token defaultPinDes On Line 646
            Warning - 1 : Skipping Token defaultPinDes On Line 647
            Warning - 1 : Skipping Token defaultPinDes On Line 648
            Warning - 1 : Skipping Token defaultPinDes On Line 649
            Warning - 1 : Skipping Token defaultPinDes On Line 650
            Warning - 1 : Skipping Token defaultPinDes On Line 651
            Warning - 1 : Skipping Token defaultPinDes On Line 652
            Warning - 1 : Skipping Token defaultPinDes On Line 653
            Warning - 1 : Skipping Token defaultPinDes On Line 654
            Warning - 1 : Skipping Token defaultPinDes On Line 655
            Warning - 1 : Skipping Token defaultPinDes On Line 656
            Warning - 1 : Skipping Token defaultPinDes On Line 657
            Warning - 1 : Skipping Token defaultPinDes On Line 658
            Warning - 1 : Skipping Token defaultPinDes On Line 659
            Warning - 1 : Skipping Token defaultPinDes On Line 660
            Warning - 1 : Skipping Token defaultPinDes On Line 679
            Warning - 1 : Skipping Token defaultPinDes On Line 680
            Warning - 1 : Skipping Token defaultPinDes On Line 681
            Warning - 1 : Skipping Token defaultPinDes On Line 682
            Warning - 1 : Skipping Token defaultPinDes On Line 683
            Warning - 1 : Skipping Token defaultPinDes On Line 684
            Warning - 1 : Skipping Token defaultPinDes On Line 685
            Warning - 1 : Skipping Token defaultPinDes On Line 686
            Warning - 1 : Skipping Token defaultPinDes On Line 687
            Warning - 1 : Skipping Token defaultPinDes On Line 688
            Warning - 1 : Skipping Token defaultPinDes On Line 689
            Warning - 1 : Skipping Token defaultPinDes On Line 690
            Warning - 1 : Skipping Token defaultPinDes On Line 691
            Warning - 1 : Skipping Token defaultPinDes On Line 692
            Warning - 1 : Skipping Token defaultPinDes On Line 693
            Warning - 1 : Skipping Token defaultPinDes On Line 694
            Warning - 1 : Skipping Token defaultPinDes On Line 695
            Warning - 1 : Skipping Token defaultPinDes On Line 696
            Warning - 1 : Skipping Token defaultPinDes On Line 697
            Warning - 1 : Skipping Token defaultPinDes On Line 698
            Warning - 1 : Skipping Token defaultPinDes On Line 719
            Warning - 1 : Skipping Token defaultPinDes On Line 720
            Warning - 1 : Skipping Token defaultPinDes On Line 747
            Warning - 1 : Skipping Token defaultPinDes On Line 748
            Warning - 1 : Skipping Token defaultPinDes On Line 767
            Warning - 1 : Skipping Token defaultPinDes On Line 768
            Warning - 1 : Skipping Token defaultPinDes On Line 787
            Warning - 1 : Skipping Token defaultPinDes On Line 788
            Warning - 1 : Skipping Token defaultPinDes On Line 789
            Warning - 1 : Skipping Token defaultPinDes On Line 831
            Warning - 1 : Skipping Token defaultPinDes On Line 832
            Warning - 1 : Skipping Token defaultPinDes On Line 853
            Warning - 1 : Skipping Token defaultPinDes On Line 854
            Warning - 1 : Skipping Token defaultPinDes On Line 855
            Warning - 1 : Skipping Token defaultPinDes On Line 856
            Warning - 1 : Skipping Token defaultPinDes On Line 875
            Warning - 1 : Skipping Token defaultPinDes On Line 876
            Warning - 1 : Skipping Token defaultPinDes On Line 877
            Warning - 1 : Skipping Token defaultPinDes On Line 878
            Warning - 1 : Skipping Token defaultPinDes On Line 897
            Warning - 1 : Skipping Token defaultPinDes On Line 898
            Warning - 1 : Skipping Token defaultPinDes On Line 924
            Warning - 1 : Skipping Token defaultPinDes On Line 925
            Warning - 1 : Skipping Token defaultPinDes On Line 976
            Warning - 1 : Skipping Token defaultPinDes On Line 977
            Warning - 1 : Skipping Token defaultPinDes On Line 978
            Warning - 1 : Skipping Token defaultPinDes On Line 979
            Warning - 1 : Skipping Token defaultPinDes On Line 980
            Warning - 1 : Skipping Token defaultPinDes On Line 1000
            Warning - 1 : Skipping Token defaultPinDes On Line 1001
            Warning - 1 : Skipping Token defaultPinDes On Line 1002
            Warning - 1 : Skipping Token defaultPinDes On Line 1020
            Warning - 1 : Skipping Token defaultPinDes On Line 1021
            Warning - 1 : Skipping Token defaultPinDes On Line 1022
            Warning - 1 : Skipping Token defaultPinDes On Line 1023
            Warning - 1 : Skipping Token defaultPinDes On Line 1024
            Warning - 1 : Skipping Token defaultPinDes On Line 1025
            Warning - 1 : Skipping Token defaultPinDes On Line 1026
            Warning - 1 : Skipping Token defaultPinDes On Line 1027
            Warning - 1 : Skipping Token defaultPinDes On Line 1028
            Warning - 1 : Skipping Token defaultPinDes On Line 1029
            Warning - 1 : Skipping Token defaultPinDes On Line 1030
            Warning - 1 : Skipping Token defaultPinDes On Line 1031
            Warning - 1 : Skipping Token defaultPinDes On Line 1032
            Warning - 1 : Skipping Token defaultPinDes On Line 1033
            Warning - 1 : Skipping Token defaultPinDes On Line 1034
            Warning - 1 : Skipping Token defaultPinDes On Line 1035
            Warning - 1 : Skipping Token defaultPinDes On Line 1036
            Warning - 1 : Skipping Token defaultPinDes On Line 1037
            Warning - 1 : Skipping Token defaultPinDes On Line 1038
            Warning - 1 : Skipping Token defaultPinDes On Line 1039
            Warning - 1 : Skipping Token defaultPinDes On Line 1040
            Warning - 1 : Skipping Token defaultPinDes On Line 1041
            Warning - 1 : Skipping Token defaultPinDes On Line 1042
            Warning - 1 : Skipping Token defaultPinDes On Line 1043
            Warning - 1 : Skipping Token defaultPinDes On Line 1044
            Warning - 1 : Skipping Token defaultPinDes On Line 1045
            Warning - 1 : Skipping Token defaultPinDes On Line 1046
            Warning - 1 : Skipping Token defaultPinDes On Line 1047
            Warning - 1 : Skipping Token defaultPinDes On Line 1048
            Warning - 1 : Skipping Token defaultPinDes On Line 1049
            Warning - 1 : Skipping Token defaultPinDes On Line 1050
            Warning - 1 : Skipping Token defaultPinDes On Line 1051
            Warning - 1 : Skipping Token defaultPinDes On Line 1052
            Warning - 1 : Skipping Token defaultPinDes On Line 1053
            Warning - 1 : Skipping Token defaultPinDes On Line 1054
            Warning - 1 : Skipping Token defaultPinDes On Line 1055
            Warning - 1 : Skipping Token defaultPinDes On Line 1056
            Warning - 1 : Skipping Token defaultPinDes On Line 1057
            Warning - 1 : Skipping Token defaultPinDes On Line 1058
            Warning - 1 : Skipping Token defaultPinDes On Line 1059
            Warning - 1 : Skipping Token defaultPinDes On Line 1060
            Warning - 1 : Skipping Token defaultPinDes On Line 1061
            Warning - 1 : Skipping Token defaultPinDes On Line 1062
            Warning - 1 : Skipping Token defaultPinDes On Line 1063
            Warning - 1 : Skipping Token defaultPinDes On Line 1064
            Warning - 1 : Skipping Token defaultPinDes On Line 1065
            Warning - 1 : Skipping Token defaultPinDes On Line 1066
            Warning - 1 : Skipping Token defaultPinDes On Line 1067
            Warning - 1 : Skipping Token defaultPinDes On Line 1068
            Warning - 1 : Skipping Token defaultPinDes On Line 1069
            Warning - 1 : Skipping Token defaultPinDes On Line 1070
            Warning - 1 : Skipping Token defaultPinDes On Line 1071
            Warning - 1 : Skipping Token defaultPinDes On Line 1072
            Warning - 1 : Skipping Token defaultPinDes On Line 1073
            Warning - 1 : Skipping Token defaultPinDes On Line 1074
            Warning - 1 : Skipping Token defaultPinDes On Line 1075
            Warning - 1 : Skipping Token defaultPinDes On Line 1076
            Warning - 1 : Skipping Token defaultPinDes On Line 1077
            Warning - 1 : Skipping Token defaultPinDes On Line 1078
            Warning - 1 : Skipping Token defaultPinDes On Line 1079
            Warning - 1 : Skipping Token defaultPinDes On Line 1080
            Warning - 1 : Skipping Token defaultPinDes On Line 1081
            Warning - 1 : Skipping Token defaultPinDes On Line 1082
            Warning - 1 : Skipping Token defaultPinDes On Line 1083
            Warning - 1 : Skipping Token defaultPinDes On Line 1098
            Warning - 1 : Skipping Token defaultPinDes On Line 1099
            Warning - 1 : Skipping Token defaultPinDes On Line 1100
            Warning - 1 : Skipping Token defaultPinDes On Line 1101
            Warning - 1 : Skipping Token defaultPinDes On Line 1102
            Warning - 1 : Skipping Token defaultPinDes On Line 1103
            Warning - 1 : Skipping Token defaultPinDes On Line 1118
            Warning - 1 : Skipping Token defaultPinDes On Line 1119
            Warning - 1 : Skipping Token defaultPinDes On Line 1138
            Warning - 1 : Skipping Token defaultPinDes On Line 1139
            Warning - 1 : Skipping Token defaultPinDes On Line 1140
            Warning - 1 : Skipping Token defaultPinDes On Line 1141
            Warning - 1 : Skipping Token defaultPinDes On Line 1142
            Warning - 1 : Skipping Token defaultPinDes On Line 1143
            Warning - 1 : Skipping Token defaultPinDes On Line 1144
            Warning - 1 : Skipping Token defaultPinDes On Line 1145
            Warning - 1 : Skipping Token defaultPinDes On Line 1168
            Warning - 1 : Skipping Token defaultPinDes On Line 1169
            Warning - 1 : Skipping Token defaultPinDes On Line 1170
            Warning - 1 : Skipping Token defaultPinDes On Line 1190
            Warning - 1 : Skipping Token defaultPinDes On Line 1191
            Warning - 1 : Skipping Token defaultPinDes On Line 1193
            Warning - 1 : Skipping Token defaultPinDes On Line 1194
            Warning - 1 : Skipping Token defaultPinDes On Line 1195
            Warning - 1 : Skipping Token defaultPinDes On Line 1196
            Warning - 1 : Skipping Token defaultPinDes On Line 1215
            Warning - 1 : Skipping Token defaultPinDes On Line 1216
            Warning - 1 : Skipping Token defaultPinDes On Line 1217
            Warning - 1 : Skipping Token defaultPinDes On Line 1218
            Warning - 1 : Skipping Token defaultPinDes On Line 1219
            Warning - 1 : Skipping Token defaultPinDes On Line 1220
            Warning - 1 : Skipping Token defaultPinDes On Line 1239
            Warning - 1 : Skipping Token defaultPinDes On Line 1240
            Warning - 1 : Skipping Token defaultPinDes On Line 1241
            Warning - 1 : Skipping Token defaultPinDes On Line 1242
            Warning - 1 : Skipping Token defaultPinDes On Line 1243
            Warning - 1 : Skipping Token defaultPinDes On Line 1268
            Warning - 1 : Skipping Token defaultPinDes On Line 1269
            Warning - 1 : Skipping Token defaultPinDes On Line 1287
            Warning - 1 : Skipping Token defaultPinDes On Line 1288
            Warning - 1 : Skipping Token defaultPinDes On Line 1289
            Warning - 1 : Skipping Token defaultPinDes On Line 1290
            Warning - 1 : Skipping Token defaultPinDes On Line 1291
            Warning - 1 : Skipping Token defaultPinDes On Line 1292
            Warning - 1 : Skipping Token defaultPinDes On Line 1293
            Warning - 1 : Skipping Token defaultPinDes On Line 1294
            Warning - 1 : Skipping Token defaultPinDes On Line 1295
            Warning - 1 : Skipping Token defaultPinDes On Line 1296
            Warning - 1 : Skipping Token defaultPinDes On Line 1297
            Warning - 1 : Skipping Token defaultPinDes On Line 1298
            Warning - 1 : Skipping Token defaultPinDes On Line 1299
            Warning - 1 : Skipping Token defaultPinDes On Line 1300
            Warning - 1 : Skipping Token defaultPinDes On Line 1323
            Warning - 1 : Skipping Token defaultPinDes On Line 1324
            Warning - 1 : Skipping Token defaultPinDes On Line 1325
            Warning - 1 : Skipping Token defaultPinDes On Line 1326
            Warning - 1 : Skipping Token defaultPinDes On Line 1327
            Warning - 1 : Skipping Token defaultPinDes On Line 1328
            Warning - 1 : Skipping Token defaultPinDes On Line 1329
            Warning - 1 : Skipping Token defaultPinDes On Line 1330
            Warning - 1 : Skipping Token defaultPinDes On Line 1351
            Warning - 1 : Skipping Token defaultPinDes On Line 1352
            Warning - 1 : Skipping Token defaultPinDes On Line 1353
            Warning - 1 : Skipping Token defaultPinDes On Line 1354
            Warning - 1 : Skipping Token defaultPinDes On Line 1355
            Warning - 1 : Skipping Token defaultPinDes On Line 1356
            Warning - 1 : Skipping Token defaultPinDes On Line 1357
            Warning - 1 : Skipping Token defaultPinDes On Line 1358
            Warning - 1 : Skipping Token defaultPinDes On Line 1381
            Warning - 1 : Skipping Token defaultPinDes On Line 1382
            Warning - 1 : Skipping Token defaultPinDes On Line 1383
            Warning - 1 : Skipping Token defaultPinDes On Line 1402
            Warning - 1 : Skipping Token defaultPinDes On Line 1403
            Warning - 1 : Skipping Token defaultPinDes On Line 1404
            Warning - 1 : Skipping Token defaultPinDes On Line 1419
            Warning - 1 : Skipping Token defaultPinDes On Line 1420
            Warning - 1 : Skipping Token defaultPinDes On Line 1421
            Warning - 1 : Skipping Token defaultPinDes On Line 1422
            Warning - 1 : Skipping Token defaultPinDes On Line 1446
            Warning - 1 : Skipping Token defaultPinDes On Line 1447
            Warning - 1 : Skipping Token defaultPinDes On Line 1448
            Warning - 1 : Skipping Token defaultPinDes On Line 1449
            Warning - 1 : Skipping Token defaultPinDes On Line 1450
            Warning - 1 : Skipping Token defaultPinDes On Line 1451
            Warning - 1 : Skipping Token defaultPinDes On Line 1452
            Warning - 1 : Skipping Token defaultPinDes On Line 1453
            Warning - 1 : Skipping Token defaultPinDes On Line 1454
            Warning - 1 : Skipping Token defaultPinDes On Line 1455
            Warning - 1 : Skipping Token defaultPinDes On Line 1456
            Warning - 1 : Skipping Token defaultPinDes On Line 1457
            Warning - 1 : Skipping Token defaultPinDes On Line 1458
            Warning - 1 : Skipping Token defaultPinDes On Line 1459
            Warning - 1 : Skipping Token defaultPinDes On Line 1460
            Warning - 1 : Skipping Token defaultPinDes On Line 1461
            Warning - 1 : Skipping Token defaultPinDes On Line 1462
            Warning - 1 : Skipping Token defaultPinDes On Line 1463
            Warning - 1 : Skipping Token defaultPinDes On Line 1464
            Warning - 1 : Skipping Token defaultPinDes On Line 1465
            Warning - 1 : Skipping Token defaultPinDes On Line 1466
            Warning - 1 : Skipping Token defaultPinDes On Line 1467
            Warning - 1 : Skipping Token defaultPinDes On Line 1468
            Warning - 1 : Skipping Token defaultPinDes On Line 1469
            Warning - 1 : Skipping Token defaultPinDes On Line 1470
            Warning - 1 : Skipping Token defaultPinDes On Line 1471
            Warning - 1 : Skipping Token defaultPinDes On Line 1472
            Warning - 1 : Skipping Token defaultPinDes On Line 1473
            Warning - 1 : Skipping Token defaultPinDes On Line 1474
            Warning - 1 : Skipping Token defaultPinDes On Line 1475
            Warning - 1 : Skipping Token defaultPinDes On Line 1476
            Warning - 1 : Skipping Token defaultPinDes On Line 1477
            Warning - 1 : Skipping Token defaultPinDes On Line 1499
            Warning - 1 : Skipping Token defaultPinDes On Line 1500
            Warning - 1 : Skipping Token defaultPinDes On Line 1501
            Warning - 1 : Skipping Token defaultPinDes On Line 1502
            Warning - 1 : Skipping Token defaultPinDes On Line 1503
            Warning - 1 : Skipping Token defaultPinDes On Line 1504
            Warning - 1 : Skipping Token defaultPinDes On Line 1505
            Warning - 1 : Skipping Token defaultPinDes On Line 1506
            Warning - 1 : Skipping Token defaultPinDes On Line 1507
            Warning - 1 : Skipping Token defaultPinDes On Line 1508
            Warning - 1 : Skipping Token defaultPinDes On Line 1509
            Warning - 1 : Skipping Token defaultPinDes On Line 1510
            Warning - 1 : Skipping Token defaultPinDes On Line 1529
            Warning - 1 : Skipping Token defaultPinDes On Line 1530
            Warning - 1 : Skipping Token defaultPinDes On Line 1531
            Warning - 1 : Skipping Token defaultPinDes On Line 1532
            Warning - 1 : Skipping Token defaultPinDes On Line 1533
            Warning - 1 : Skipping Token defaultPinDes On Line 1534
            Warning - 1 : Skipping Token defaultPinDes On Line 1535
            Warning - 1 : Skipping Token defaultPinDes On Line 1536
            Warning - 1 : Skipping Token defaultPinDes On Line 1537
            Warning - 1 : Skipping Token defaultPinDes On Line 1538
            Warning - 1 : Skipping Token defaultPinDes On Line 1539
            Warning - 1 : Skipping Token defaultPinDes On Line 1540
            Warning - 1 : Skipping Token defaultPinDes On Line 1541
            Warning - 1 : Skipping Token defaultPinDes On Line 1542
            Warning - 1 : Skipping Token defaultPinDes On Line 1543
            Warning - 1 : Skipping Token defaultPinDes On Line 1544
            Warning - 1 : Skipping Token defaultPinDes On Line 1545
            Warning - 1 : Skipping Token defaultPinDes On Line 1546
            Warning - 1 : Skipping Token defaultPinDes On Line 1547
            Warning - 1 : Skipping Token defaultPinDes On Line 1548
            Warning - 1 : Skipping Token defaultPinDes On Line 1549
            Warning - 1 : Skipping Token defaultPinDes On Line 1550
            Warning - 1 : Skipping Token defaultPinDes On Line 1551
            Warning - 1 : Skipping Token defaultPinDes On Line 1552
            Warning - 1 : Skipping Token defaultPinDes On Line 1553
            Warning - 1 : Skipping Token defaultPinDes On Line 1554
            Warning - 1 : Skipping Token defaultPinDes On Line 1555
            Warning - 1 : Skipping Token defaultPinDes On Line 1556
            Warning - 1 : Skipping Token defaultPinDes On Line 1557
            Warning - 1 : Skipping Token defaultPinDes On Line 1558
            Warning - 1 : Skipping Token defaultPinDes On Line 1559
            Warning - 1 : Skipping Token defaultPinDes On Line 1560
            Warning - 1 : Skipping Token defaultPinDes On Line 1561
            Warning - 1 : Skipping Token defaultPinDes On Line 1562
            Warning - 1 : Skipping Token defaultPinDes On Line 1563
            Warning - 1 : Skipping Token defaultPinDes On Line 1564
            Warning - 1 : Skipping Token defaultPinDes On Line 1565
            Warning - 1 : Skipping Token defaultPinDes On Line 1566
            Warning - 1 : Skipping Token defaultPinDes On Line 1567
            Warning - 1 : Skipping Token defaultPinDes On Line 1568
            Warning - 1 : Skipping Token defaultPinDes On Line 1569
            Warning - 1 : Skipping Token defaultPinDes On Line 1570
            Warning - 1 : Skipping Token defaultPinDes On Line 1571
            Warning - 1 : Skipping Token defaultPinDes On Line 1572
            Warning - 1 : Skipping Token defaultPinDes On Line 1573
            Warning - 1 : Skipping Token defaultPinDes On Line 1574
            Warning - 1 : Skipping Token 7-0088 On Line 1592
            Warning - 1 : Skipping Token 74HC4066D On Line 1631
            Warning - 1 : Skipping Token ANT-CAB On Line 1758
            Warning - 1 : Skipping Token ANT-GSM On Line 1788
            Warning - 1 : Skipping Token ATMEGA8 On Line 1811
            Warning - 1 : Skipping Token ATTYNY2313 On Line 2076
            Warning - 1 : Skipping Token BATERY On Line 2245
            Warning - 1 : Skipping Token BSS138-SOT23 On Line 2272
            Warning - 1 : Skipping Token BZX84C2V7 On Line 2325
            Warning - 1 : Skipping Token DG301-2P On Line 2350
            Warning - 1 : Skipping Token DG350-3.5-3P On Line 2377
            Warning - 1 : Skipping Token DIODE On Line 2414
            Warning - 1 : Skipping Token ECLAMP2455 On Line 2439
            Warning - 1 : Skipping Token ELECTROL-POLARIZ On Line 2521
            Warning - 1 : Skipping Token GERKON On Line 2550
            Warning - 1 : Skipping Token GND On Line 2578
            Warning - 1 : Skipping Token GND1 On Line 2592
            Warning - 1 : Skipping Token KN On Line 2606
            Warning - 1 : Skipping Token KONDENS_SMD On Line 2630
            Warning - 1 : Skipping Token L200CV On Line 2655
            Warning - 1 : Skipping Token LED-2 On Line 2704
            Warning - 1 : Skipping Token LIGHTDIODE2 On Line 2755
            Warning - 1 : Skipping Token LP2951 On Line 2814
            Warning - 1 : Skipping Token M10 On Line 2887
            Warning - 1 : Skipping Token MIC29303WU On Line 3408
            Warning - 1 : Skipping Token MIC4690 On Line 3465
            Warning - 1 : Skipping Token MOLEX91228-0001 On Line 3538
            Warning - 1 : Skipping Token RAZJOM On Line 3610
            Warning - 1 : Skipping Token SH06F On Line 3637
            Warning - 1 : Skipping Token SK On Line 3704
            Warning - 1 : Skipping Token SMA On Line 3736
            Warning - 1 : Skipping Token SWT On Line 3789
            Warning - 1 : Skipping Token SWT-41 On Line 3823
            Warning - 1 : Skipping Token TR24A On Line 3859
            Warning - 1 : Skipping Token WISMO On Line 3964
            Warning - 1 : Skipping Token WISMO 2 On Line 4342
            Warning - 1 : Skipping Token attachedSymbol On Line 4732
            Warning - 1 : Skipping Token attachedSymbol On Line 4766
            Warning - 1 : Skipping Token attachedSymbol On Line 4800
            Warning - 1 : Skipping Token attachedSymbol On Line 4822
            Warning - 1 : Skipping Token attachedSymbol On Line 4873
            Warning - 1 : Skipping Token attachedSymbol On Line 4942
            Warning - 1 : Skipping Token attachedSymbol On Line 4999
            Warning - 1 : Skipping Token attachedSymbol On Line 5039
            Warning - 1 : Skipping Token attachedSymbol On Line 5062
            Warning - 1 : Skipping Token attachedSymbol On Line 5084
            Warning - 1 : Skipping Token attachedSymbol On Line 5105
            Warning - 1 : Skipping Token attachedSymbol On Line 5127
            Warning - 1 : Skipping Token attachedSymbol On Line 5156
            Warning - 1 : Skipping Token attachedSymbol On Line 5184
            Warning - 1 : Skipping Token attachedSymbol On Line 5204
            Warning - 1 : Skipping Token attachedSymbol On Line 5217
            Warning - 1 : Skipping Token attachedSymbol On Line 5233
            Warning - 1 : Skipping Token attachedSymbol On Line 5258
            Warning - 1 : Skipping Token attachedSymbol On Line 5281
            Warning - 1 : Skipping Token attachedSymbol On Line 5302
            Warning - 1 : Skipping Token attachedSymbol On Line 5323
            Warning - 1 : Skipping Token attachedSymbol On Line 5344
            Warning - 1 : Skipping Token attachedSymbol On Line 5365
            Warning - 1 : Skipping Token attachedSymbol On Line 5389
            Warning - 1 : Skipping Token attachedSymbol On Line 5414
            Warning - 1 : Skipping Token attachedSymbol On Line 5436
            Warning - 1 : Skipping Token attachedSymbol On Line 5463
            Warning - 1 : Skipping Token attachedSymbol On Line 5552
            Warning - 1 : Skipping Token attachedSymbol On Line 5639
            Warning - 1 : Skipping Token attachedSymbol On Line 5670
            Warning - 1 : Skipping Token attachedSymbol On Line 5703
            Warning - 1 : Skipping Token attachedSymbol On Line 5731
            Warning - 1 : Skipping Token attachedSymbol On Line 5753
            Warning - 1 : Skipping Token attachedSymbol On Line 5780
            Warning - 1 : Skipping Token attachedSymbol On Line 5811
            Warning - 1 : Skipping Token attachedSymbol On Line 5812
            Warning - 1 : Skipping Token attachedSymbol On Line 5840
            Warning - 1 : Skipping Token attachedSymbol On Line 5864
            Warning - 1 : Skipping Token attachedSymbol On Line 5886
            Warning - 1 : Skipping Token attachedSymbol On Line 5910
            Warning - 1 : Skipping Token attachedSymbol On Line 5943
            Warning - 1 : Skipping Token attachedSymbol On Line 6018
        EndSection

        Section : Import Messages
            Warning : Component GND does not have PCB footprint definition and will be skipped
            Warning : Component GND1 does not have PCB footprint definition and will be skipped
            Warning - 0 : PCAD Pattern Graphics [KONDENS-E6.5][Primary] associated with PCAD Component [KONDENS-E6.5MM] has been renamed to PCB FootPrint [KONDENS-E6.5_KONDENS-E6.5MM(Primary)].
        EndSection
    EndSection

    Section : SCH Library - NEW.SchLib
        Section : Parsing Messages
            Warning - 1 : Skipping Token padStyleDef On Line 13
            Warning - 1 : Skipping Token padStyleDef On Line 23
            Warning - 1 : Skipping Token padStyleDef On Line 33
            Warning - 1 : Skipping Token padStyleDef On Line 44
            Warning - 1 : Skipping Token padStyleDef On Line 55
            Warning - 1 : Skipping Token padStyleDef On Line 66
            Warning - 1 : Skipping Token padStyleDef On Line 76
            Warning - 1 : Skipping Token padStyleDef On Line 87
            Warning - 1 : Skipping Token padStyleDef On Line 97
            Warning - 1 : Skipping Token padStyleDef On Line 107
            Warning - 1 : Skipping Token padStyleDef On Line 118
            Warning - 1 : Skipping Token padStyleDef On Line 129
            Warning - 1 : Skipping Token padStyleDef On Line 140
            Warning - 1 : Skipping Token padStyleDef On Line 150
            Warning - 1 : Skipping Token padStyleDef On Line 160
            Warning - 1 : Skipping Token padStyleDef On Line 171
            Warning - 1 : Skipping Token padStyleDef On Line 182
            Warning - 1 : Skipping Token padStyleDef On Line 193
            Warning - 1 : Skipping Token padStyleDef On Line 204
            Warning - 1 : Skipping Token padStyleDef On Line 214
            Warning - 1 : Skipping Token padStyleDef On Line 225
            Warning - 1 : Skipping Token padStyleDef On Line 236
            Warning - 1 : Skipping Token padStyleDef On Line 246
            Warning - 1 : Skipping Token padStyleDef On Line 256
            Warning - 1 : Skipping Token padStyleDef On Line 267
            Warning - 1 : Skipping Token padStyleDef On Line 278
            Warning - 1 : Skipping Token padStyleDef On Line 289
            Warning - 1 : Skipping Token padStyleDef On Line 300
            Warning - 1 : Skipping Token padStyleDef On Line 311
            Warning - 1 : Skipping Token viaStyleDef On Line 322
            Warning - 1 : Skipping Token viaStyleDef On Line 332
            Warning - 1 : Skipping Token multiLayer On Line 488
            Warning - 1 : Skipping Token layerContents On Line 493
            Warning - 1 : Skipping Token multiLayer On Line 509
            Warning - 1 : Skipping Token layerContents On Line 514
            Warning - 1 : Skipping Token multiLayer On Line 526
            Warning - 1 : Skipping Token layerContents On Line 530
            Warning - 1 : Skipping Token layerContents On Line 628
            Warning - 1 : Skipping Token multiLayer On Line 640
            Warning - 1 : Skipping Token layerContents On Line 662
            Warning - 1 : Skipping Token multiLayer On Line 678
            Warning - 1 : Skipping Token layerContents On Line 700
            Warning - 1 : Skipping Token multiLayer On Line 718
            Warning - 1 : Skipping Token layerContents On Line 722
            Warning - 1 : Skipping Token layerContents On Line 725
            Warning - 1 : Skipping Token layerContents On Line 732
            Warning - 1 : Skipping Token multiLayer On Line 746
            Warning - 1 : Skipping Token layerContents On Line 750
            Warning - 1 : Skipping Token multiLayer On Line 766
            Warning - 1 : Skipping Token layerContents On Line 770
            Warning - 1 : Skipping Token multiLayer On Line 786
            Warning - 1 : Skipping Token layerContents On Line 791
            Warning - 1 : Skipping Token multiLayer On Line 807
            Warning - 1 : Skipping Token layerContents On Line 818
            Warning - 1 : Skipping Token multiLayer On Line 830
            Warning - 1 : Skipping Token layerContents On Line 834
            Warning - 1 : Skipping Token layerContents On Line 838
            Warning - 1 : Skipping Token multiLayer On Line 852
            Warning - 1 : Skipping Token layerContents On Line 858
            Warning - 1 : Skipping Token multiLayer On Line 874
            Warning - 1 : Skipping Token layerContents On Line 880
            Warning - 1 : Skipping Token multiLayer On Line 896
            Warning - 1 : Skipping Token layerContents On Line 903
            Warning - 1 : Skipping Token layerContents On Line 906
            Warning - 1 : Skipping Token layerContents On Line 909
            Warning - 1 : Skipping Token multiLayer On Line 923
            Warning - 1 : Skipping Token layerContents On Line 927
            Warning - 1 : Skipping Token multiLayer On Line 940
            Warning - 1 : Skipping Token layerContents On Line 944
            Warning - 1 : Skipping Token multiLayer On Line 956
            Warning - 1 : Skipping Token layerContents On Line 960
            Warning - 1 : Skipping Token layerContents On Line 964
            Warning - 1 : Skipping Token multiLayer On Line 975
            Warning - 1 : Skipping Token layerContents On Line 982
            Warning - 1 : Skipping Token multiLayer On Line 999
            Warning - 1 : Skipping Token layerContents On Line 1004
            Warning - 1 : Skipping Token layerContents On Line 1008
            Warning - 1 : Skipping Token multiLayer On Line 1019
            Warning - 1 : Skipping Token layerContents On Line 1085
            Warning - 1 : Skipping Token multiLayer On Line 1097
            Warning - 1 : Skipping Token layerContents On Line 1105
            Warning - 1 : Skipping Token multiLayer On Line 1117
            Warning - 1 : Skipping Token layerContents On Line 1121
            Warning - 1 : Skipping Token multiLayer On Line 1137
            Warning - 1 : Skipping Token layerContents On Line 1147
            Warning - 1 : Skipping Token multiLayer On Line 1167
            Warning - 1 : Skipping Token layerContents On Line 1172
            Warning - 1 : Skipping Token multiLayer On Line 1188
            Warning - 1 : Skipping Token layerContents On Line 1198
            Warning - 1 : Skipping Token multiLayer On Line 1214
            Warning - 1 : Skipping Token layerContents On Line 1222
            Warning - 1 : Skipping Token multiLayer On Line 1238
            Warning - 1 : Skipping Token layerContents On Line 1245
            Warning - 1 : Skipping Token layerContents On Line 1254
            Warning - 1 : Skipping Token multiLayer On Line 1267
            Warning - 1 : Skipping Token layerContents On Line 1273
            Warning - 1 : Skipping Token multiLayer On Line 1286
            Warning - 1 : Skipping Token layerContents On Line 1302
            Warning - 1 : Skipping Token layerContents On Line 1306
            Warning - 1 : Skipping Token multiLayer On Line 1322
            Warning - 1 : Skipping Token layerContents On Line 1332
            Warning - 1 : Skipping Token multiLayer On Line 1350
            Warning - 1 : Skipping Token layerContents On Line 1360
            Warning - 1 : Skipping Token layerContents On Line 1364
            Warning - 1 : Skipping Token multiLayer On Line 1380
            Warning - 1 : Skipping Token layerContents On Line 1385
            Warning - 1 : Skipping Token multiLayer On Line 1401
            Warning - 1 : Skipping Token layerContents On Line 1406
            Warning - 1 : Skipping Token multiLayer On Line 1418
            Warning - 1 : Skipping Token layerContents On Line 1425
            Warning - 1 : Skipping Token multiLayer On Line 1445
            Warning - 1 : Skipping Token layerContents On Line 1481
            Warning - 1 : Skipping Token multiLayer On Line 1498
            Warning - 1 : Skipping Token layerContents On Line 1512
            Warning - 1 : Skipping Token multiLayer On Line 1528
            Warning - 1 : Skipping Token layerContents On Line 1578
            Warning - 1 : Skipping Token defaultPinDes On Line 1612
            Warning - 1 : Skipping Token defaultPinDes On Line 1639
            Warning - 1 : Skipping Token defaultPinDes On Line 1647
            Warning - 1 : Skipping Token defaultPinDes On Line 1655
            Warning - 1 : Skipping Token defaultPinDes On Line 1663
            Warning - 1 : Skipping Token defaultPinDes On Line 1671
            Warning - 1 : Skipping Token defaultPinDes On Line 1679
            Warning - 1 : Skipping Token defaultPinDes On Line 1687
            Warning - 1 : Skipping Token defaultPinDes On Line 1695
            Warning - 1 : Skipping Token defaultPinDes On Line 1703
            Warning - 1 : Skipping Token defaultPinDes On Line 1711
            Warning - 1 : Skipping Token defaultPinDes On Line 1719
            Warning - 1 : Skipping Token defaultPinDes On Line 1727
            Warning - 1 : Skipping Token defaultPinDes On Line 1735
            Warning - 1 : Skipping Token defaultPinDes On Line 1743
            Warning - 1 : Skipping Token defaultPinDes On Line 1765
            Warning - 1 : Skipping Token defaultPinDes On Line 1772
            Warning - 1 : Skipping Token defaultPinDes On Line 1779
            Warning - 1 : Skipping Token defaultPinDes On Line 1795
            Warning - 1 : Skipping Token defaultPinDes On Line 1802
            Warning - 1 : Skipping Token defaultPinDes On Line 1819
            Warning - 1 : Skipping Token defaultPinDes On Line 1827
            Warning - 1 : Skipping Token defaultPinDes On Line 1835
            Warning - 1 : Skipping Token defaultPinDes On Line 1843
            Warning - 1 : Skipping Token defaultPinDes On Line 1851
            Warning - 1 : Skipping Token defaultPinDes On Line 1859
            Warning - 1 : Skipping Token defaultPinDes On Line 1867
            Warning - 1 : Skipping Token defaultPinDes On Line 1875
            Warning - 1 : Skipping Token defaultPinDes On Line 1883
            Warning - 1 : Skipping Token defaultPinDes On Line 1891
            Warning - 1 : Skipping Token defaultPinDes On Line 1899
            Warning - 1 : Skipping Token defaultPinDes On Line 1907
            Warning - 1 : Skipping Token defaultPinDes On Line 1915
            Warning - 1 : Skipping Token defaultPinDes On Line 1923
            Warning - 1 : Skipping Token defaultPinDes On Line 1931
            Warning - 1 : Skipping Token defaultPinDes On Line 1939
            Warning - 1 : Skipping Token defaultPinDes On Line 1947
            Warning - 1 : Skipping Token defaultPinDes On Line 1955
            Warning - 1 : Skipping Token defaultPinDes On Line 1963
            Warning - 1 : Skipping Token defaultPinDes On Line 1971
            Warning - 1 : Skipping Token defaultPinDes On Line 1979
            Warning - 1 : Skipping Token defaultPinDes On Line 1987
            Warning - 1 : Skipping Token defaultPinDes On Line 1995
            Warning - 1 : Skipping Token defaultPinDes On Line 2003
            Warning - 1 : Skipping Token defaultPinDes On Line 2011
            Warning - 1 : Skipping Token defaultPinDes On Line 2019
            Warning - 1 : Skipping Token defaultPinDes On Line 2027
            Warning - 1 : Skipping Token defaultPinDes On Line 2035
            Warning - 1 : Skipping Token defaultPinDes On Line 2043
            Warning - 1 : Skipping Token defaultPinDes On Line 2051
            Warning - 1 : Skipping Token defaultPinDes On Line 2059
            Warning - 1 : Skipping Token defaultPinDes On Line 2067
            Warning - 1 : Skipping Token defaultPinDes On Line 2084
            Warning - 1 : Skipping Token defaultPinDes On Line 2092
            Warning - 1 : Skipping Token defaultPinDes On Line 2100
            Warning - 1 : Skipping Token defaultPinDes On Line 2108
            Warning - 1 : Skipping Token defaultPinDes On Line 2116
            Warning - 1 : Skipping Token defaultPinDes On Line 2124
            Warning - 1 : Skipping Token defaultPinDes On Line 2132
            Warning - 1 : Skipping Token defaultPinDes On Line 2140
            Warning - 1 : Skipping Token defaultPinDes On Line 2148
            Warning - 1 : Skipping Token defaultPinDes On Line 2156
            Warning - 1 : Skipping Token defaultPinDes On Line 2164
            Warning - 1 : Skipping Token defaultPinDes On Line 2172
            Warning - 1 : Skipping Token defaultPinDes On Line 2180
            Warning - 1 : Skipping Token defaultPinDes On Line 2188
            Warning - 1 : Skipping Token defaultPinDes On Line 2196
            Warning - 1 : Skipping Token defaultPinDes On Line 2204
            Warning - 1 : Skipping Token defaultPinDes On Line 2212
            Warning - 1 : Skipping Token defaultPinDes On Line 2220
            Warning - 1 : Skipping Token defaultPinDes On Line 2228
            Warning - 1 : Skipping Token defaultPinDes On Line 2236
            Warning - 1 : Skipping Token defaultPinDes On Line 2253
            Warning - 1 : Skipping Token defaultPinDes On Line 2261
            Warning - 1 : Skipping Token defaultPinDes On Line 2279
            Warning - 1 : Skipping Token defaultPinDes On Line 2286
            Warning - 1 : Skipping Token defaultPinDes On Line 2293
            Warning - 1 : Skipping Token defaultPinDes On Line 2332
            Warning - 1 : Skipping Token defaultPinDes On Line 2339
            Warning - 1 : Skipping Token defaultPinDes On Line 2357
            Warning - 1 : Skipping Token defaultPinDes On Line 2364
            Warning - 1 : Skipping Token defaultPinDes On Line 2384
            Warning - 1 : Skipping Token defaultPinDes On Line 2391
            Warning - 1 : Skipping Token defaultPinDes On Line 2398
            Warning - 1 : Skipping Token defaultPinDes On Line 2421
            Warning - 1 : Skipping Token defaultPinDes On Line 2428
            Warning - 1 : Skipping Token defaultPinDes On Line 2447
            Warning - 1 : Skipping Token defaultPinDes On Line 2455
            Warning - 1 : Skipping Token defaultPinDes On Line 2463
            Warning - 1 : Skipping Token defaultPinDes On Line 2471
            Warning - 1 : Skipping Token defaultPinDes On Line 2479
            Warning - 1 : Skipping Token defaultPinDes On Line 2487
            Warning - 1 : Skipping Token defaultPinDes On Line 2495
            Warning - 1 : Skipping Token defaultPinDes On Line 2503
            Warning - 1 : Skipping Token defaultPinDes On Line 2511
            Warning - 1 : Skipping Token defaultPinDes On Line 2529
            Warning - 1 : Skipping Token defaultPinDes On Line 2537
            Warning - 1 : Skipping Token defaultPinDes On Line 2558
            Warning - 1 : Skipping Token defaultPinDes On Line 2566
            Warning - 1 : Skipping Token defaultPinDes On Line 2586
            Warning - 1 : Skipping Token defaultPinDes On Line 2600
            Warning - 1 : Skipping Token defaultPinDes On Line 2614
            Warning - 1 : Skipping Token defaultPinDes On Line 2622
            Warning - 1 : Skipping Token defaultPinDes On Line 2638
            Warning - 1 : Skipping Token defaultPinDes On Line 2646
            Warning - 1 : Skipping Token defaultPinDes On Line 2663
            Warning - 1 : Skipping Token defaultPinDes On Line 2671
            Warning - 1 : Skipping Token defaultPinDes On Line 2679
            Warning - 1 : Skipping Token defaultPinDes On Line 2687
            Warning - 1 : Skipping Token defaultPinDes On Line 2695
            Warning - 1 : Skipping Token defaultPinDes On Line 2711
            Warning - 1 : Skipping Token defaultPinDes On Line 2718
            Warning - 1 : Skipping Token defaultPinDes On Line 2725
            Warning - 1 : Skipping Token defaultPinDes On Line 2732
            Warning - 1 : Skipping Token defaultPinDes On Line 2763
            Warning - 1 : Skipping Token defaultPinDes On Line 2771
            Warning - 1 : Skipping Token defaultPinDes On Line 2779
            Warning - 1 : Skipping Token defaultPinDes On Line 2822
            Warning - 1 : Skipping Token defaultPinDes On Line 2830
            Warning - 1 : Skipping Token defaultPinDes On Line 2838
            Warning - 1 : Skipping Token defaultPinDes On Line 2846
            Warning - 1 : Skipping Token defaultPinDes On Line 2854
            Warning - 1 : Skipping Token defaultPinDes On Line 2862
            Warning - 1 : Skipping Token defaultPinDes On Line 2870
            Warning - 1 : Skipping Token defaultPinDes On Line 2878
            Warning - 1 : Skipping Token defaultPinDes On Line 2895
            Warning - 1 : Skipping Token defaultPinDes On Line 2903
            Warning - 1 : Skipping Token defaultPinDes On Line 2911
            Warning - 1 : Skipping Token defaultPinDes On Line 2919
            Warning - 1 : Skipping Token defaultPinDes On Line 2927
            Warning - 1 : Skipping Token defaultPinDes On Line 2935
            Warning - 1 : Skipping Token defaultPinDes On Line 2943
            Warning - 1 : Skipping Token defaultPinDes On Line 2951
            Warning - 1 : Skipping Token defaultPinDes On Line 2959
            Warning - 1 : Skipping Token defaultPinDes On Line 2967
            Warning - 1 : Skipping Token defaultPinDes On Line 2975
            Warning - 1 : Skipping Token defaultPinDes On Line 2983
            Warning - 1 : Skipping Token defaultPinDes On Line 2991
            Warning - 1 : Skipping Token defaultPinDes On Line 2999
            Warning - 1 : Skipping Token defaultPinDes On Line 3007
            Warning - 1 : Skipping Token defaultPinDes On Line 3015
            Warning - 1 : Skipping Token defaultPinDes On Line 3023
            Warning - 1 : Skipping Token defaultPinDes On Line 3031
            Warning - 1 : Skipping Token defaultPinDes On Line 3039
            Warning - 1 : Skipping Token defaultPinDes On Line 3047
            Warning - 1 : Skipping Token defaultPinDes On Line 3055
            Warning - 1 : Skipping Token defaultPinDes On Line 3063
            Warning - 1 : Skipping Token defaultPinDes On Line 3071
            Warning - 1 : Skipping Token defaultPinDes On Line 3079
            Warning - 1 : Skipping Token defaultPinDes On Line 3087
            Warning - 1 : Skipping Token defaultPinDes On Line 3095
            Warning - 1 : Skipping Token defaultPinDes On Line 3103
            Warning - 1 : Skipping Token defaultPinDes On Line 3111
            Warning - 1 : Skipping Token defaultPinDes On Line 3119
            Warning - 1 : Skipping Token defaultPinDes On Line 3127
            Warning - 1 : Skipping Token defaultPinDes On Line 3135
            Warning - 1 : Skipping Token defaultPinDes On Line 3143
            Warning - 1 : Skipping Token defaultPinDes On Line 3151
            Warning - 1 : Skipping Token defaultPinDes On Line 3159
            Warning - 1 : Skipping Token defaultPinDes On Line 3167
            Warning - 1 : Skipping Token defaultPinDes On Line 3175
            Warning - 1 : Skipping Token defaultPinDes On Line 3183
            Warning - 1 : Skipping Token defaultPinDes On Line 3191
            Warning - 1 : Skipping Token defaultPinDes On Line 3199
            Warning - 1 : Skipping Token defaultPinDes On Line 3207
            Warning - 1 : Skipping Token defaultPinDes On Line 3215
            Warning - 1 : Skipping Token defaultPinDes On Line 3223
            Warning - 1 : Skipping Token defaultPinDes On Line 3231
            Warning - 1 : Skipping Token defaultPinDes On Line 3239
            Warning - 1 : Skipping Token defaultPinDes On Line 3247
            Warning - 1 : Skipping Token defaultPinDes On Line 3255
            Warning - 1 : Skipping Token defaultPinDes On Line 3263
            Warning - 1 : Skipping Token defaultPinDes On Line 3271
            Warning - 1 : Skipping Token defaultPinDes On Line 3279
            Warning - 1 : Skipping Token defaultPinDes On Line 3287
            Warning - 1 : Skipping Token defaultPinDes On Line 3295
            Warning - 1 : Skipping Token defaultPinDes On Line 3303
            Warning - 1 : Skipping Token defaultPinDes On Line 3311
            Warning - 1 : Skipping Token defaultPinDes On Line 3319
            Warning - 1 : Skipping Token defaultPinDes On Line 3327
            Warning - 1 : Skipping Token defaultPinDes On Line 3335
            Warning - 1 : Skipping Token defaultPinDes On Line 3343
            Warning - 1 : Skipping Token defaultPinDes On Line 3351
            Warning - 1 : Skipping Token defaultPinDes On Line 3359
            Warning - 1 : Skipping Token defaultPinDes On Line 3367
            Warning - 1 : Skipping Token defaultPinDes On Line 3375
            Warning - 1 : Skipping Token defaultPinDes On Line 3383
            Warning - 1 : Skipping Token defaultPinDes On Line 3391
            Warning - 1 : Skipping Token defaultPinDes On Line 3399
            Warning - 1 : Skipping Token defaultPinDes On Line 3416
            Warning - 1 : Skipping Token defaultPinDes On Line 3424
            Warning - 1 : Skipping Token defaultPinDes On Line 3432
            Warning - 1 : Skipping Token defaultPinDes On Line 3440
            Warning - 1 : Skipping Token defaultPinDes On Line 3448
            Warning - 1 : Skipping Token defaultPinDes On Line 3456
            Warning - 1 : Skipping Token defaultPinDes On Line 3473
            Warning - 1 : Skipping Token defaultPinDes On Line 3481
            Warning - 1 : Skipping Token defaultPinDes On Line 3489
            Warning - 1 : Skipping Token defaultPinDes On Line 3497
            Warning - 1 : Skipping Token defaultPinDes On Line 3505
            Warning - 1 : Skipping Token defaultPinDes On Line 3513
            Warning - 1 : Skipping Token defaultPinDes On Line 3521
            Warning - 1 : Skipping Token defaultPinDes On Line 3529
            Warning - 1 : Skipping Token defaultPinDes On Line 3545
            Warning - 1 : Skipping Token defaultPinDes On Line 3553
            Warning - 1 : Skipping Token defaultPinDes On Line 3561
            Warning - 1 : Skipping Token defaultPinDes On Line 3569
            Warning - 1 : Skipping Token defaultPinDes On Line 3576
            Warning - 1 : Skipping Token defaultPinDes On Line 3584
            Warning - 1 : Skipping Token defaultPinDes On Line 3592
            Warning - 1 : Skipping Token defaultPinDes On Line 3600
            Warning - 1 : Skipping Token defaultPinDes On Line 3618
            Warning - 1 : Skipping Token defaultPinDes On Line 3626
            Warning - 1 : Skipping Token defaultPinDes On Line 3644
            Warning - 1 : Skipping Token defaultPinDes On Line 3651
            Warning - 1 : Skipping Token defaultPinDes On Line 3658
            Warning - 1 : Skipping Token defaultPinDes On Line 3665
            Warning - 1 : Skipping Token defaultPinDes On Line 3672
            Warning - 1 : Skipping Token defaultPinDes On Line 3679
            Warning - 1 : Skipping Token defaultPinDes On Line 3711
            Warning - 1 : Skipping Token defaultPinDes On Line 3718
            Warning - 1 : Skipping Token defaultPinDes On Line 3725
            Warning - 1 : Skipping Token defaultPinDes On Line 3744
            Warning - 1 : Skipping Token defaultPinDes On Line 3752
            Warning - 1 : Skipping Token defaultPinDes On Line 3760
            Warning - 1 : Skipping Token defaultPinDes On Line 3768
            Warning - 1 : Skipping Token defaultPinDes On Line 3776
            Warning - 1 : Skipping Token defaultPinDes On Line 3797
            Warning - 1 : Skipping Token defaultPinDes On Line 3804
            Warning - 1 : Skipping Token defaultPinDes On Line 3811
            Warning - 1 : Skipping Token defaultPinDes On Line 3830
            Warning - 1 : Skipping Token defaultPinDes On Line 3837
            Warning - 1 : Skipping Token defaultPinDes On Line 3844
            Warning - 1 : Skipping Token defaultPinDes On Line 3851
            Warning - 1 : Skipping Token defaultPinDes On Line 3867
            Warning - 1 : Skipping Token defaultPinDes On Line 3875
            Warning - 1 : Skipping Token defaultPinDes On Line 3883
            Warning - 1 : Skipping Token defaultPinDes On Line 3891
            Warning - 1 : Skipping Token defaultPinDes On Line 3899
            Warning - 1 : Skipping Token defaultPinDes On Line 3907
            Warning - 1 : Skipping Token defaultPinDes On Line 3915
            Warning - 1 : Skipping Token defaultPinDes On Line 3923
            Warning - 1 : Skipping Token defaultPinDes On Line 3931
            Warning - 1 : Skipping Token defaultPinDes On Line 3939
            Warning - 1 : Skipping Token defaultPinDes On Line 3947
            Warning - 1 : Skipping Token defaultPinDes On Line 3955
            Warning - 1 : Skipping Token defaultPinDes On Line 3972
            Warning - 1 : Skipping Token defaultPinDes On Line 3980
            Warning - 1 : Skipping Token defaultPinDes On Line 3988
            Warning - 1 : Skipping Token defaultPinDes On Line 3996
            Warning - 1 : Skipping Token defaultPinDes On Line 4004
            Warning - 1 : Skipping Token defaultPinDes On Line 4012
            Warning - 1 : Skipping Token defaultPinDes On Line 4020
            Warning - 1 : Skipping Token defaultPinDes On Line 4028
            Warning - 1 : Skipping Token defaultPinDes On Line 4036
            Warning - 1 : Skipping Token defaultPinDes On Line 4044
            Warning - 1 : Skipping Token defaultPinDes On Line 4052
            Warning - 1 : Skipping Token defaultPinDes On Line 4060
            Warning - 1 : Skipping Token defaultPinDes On Line 4068
            Warning - 1 : Skipping Token defaultPinDes On Line 4076
            Warning - 1 : Skipping Token defaultPinDes On Line 4084
            Warning - 1 : Skipping Token defaultPinDes On Line 4092
            Warning - 1 : Skipping Token defaultPinDes On Line 4100
            Warning - 1 : Skipping Token defaultPinDes On Line 4108
            Warning - 1 : Skipping Token defaultPinDes On Line 4116
            Warning - 1 : Skipping Token defaultPinDes On Line 4124
            Warning - 1 : Skipping Token defaultPinDes On Line 4132
            Warning - 1 : Skipping Token defaultPinDes On Line 4140
            Warning - 1 : Skipping Token defaultPinDes On Line 4148
            Warning - 1 : Skipping Token defaultPinDes On Line 4156
            Warning - 1 : Skipping Token defaultPinDes On Line 4164
            Warning - 1 : Skipping Token defaultPinDes On Line 4172
            Warning - 1 : Skipping Token defaultPinDes On Line 4180
            Warning - 1 : Skipping Token defaultPinDes On Line 4188
            Warning - 1 : Skipping Token defaultPinDes On Line 4196
            Warning - 1 : Skipping Token defaultPinDes On Line 4204
            Warning - 1 : Skipping Token defaultPinDes On Line 4212
            Warning - 1 : Skipping Token defaultPinDes On Line 4220
            Warning - 1 : Skipping Token defaultPinDes On Line 4228
            Warning - 1 : Skipping Token defaultPinDes On Line 4236
            Warning - 1 : Skipping Token defaultPinDes On Line 4244
            Warning - 1 : Skipping Token defaultPinDes On Line 4252
            Warning - 1 : Skipping Token defaultPinDes On Line 4260
            Warning - 1 : Skipping Token defaultPinDes On Line 4268
            Warning - 1 : Skipping Token defaultPinDes On Line 4276
            Warning - 1 : Skipping Token defaultPinDes On Line 4284
            Warning - 1 : Skipping Token defaultPinDes On Line 4292
            Warning - 1 : Skipping Token defaultPinDes On Line 4300
            Warning - 1 : Skipping Token defaultPinDes On Line 4308
            Warning - 1 : Skipping Token defaultPinDes On Line 4316
            Warning - 1 : Skipping Token defaultPinDes On Line 4324
            Warning - 1 : Skipping Token defaultPinDes On Line 4332
            Warning - 1 : Skipping Token defaultPinDes On Line 4350
            Warning - 1 : Skipping Token defaultPinDes On Line 4358
            Warning - 1 : Skipping Token defaultPinDes On Line 4366
            Warning - 1 : Skipping Token defaultPinDes On Line 4374
            Warning - 1 : Skipping Token defaultPinDes On Line 4382
            Warning - 1 : Skipping Token defaultPinDes On Line 4390
            Warning - 1 : Skipping Token defaultPinDes On Line 4398
            Warning - 1 : Skipping Token defaultPinDes On Line 4406
            Warning - 1 : Skipping Token defaultPinDes On Line 4414
            Warning - 1 : Skipping Token defaultPinDes On Line 4422
            Warning - 1 : Skipping Token defaultPinDes On Line 4430
            Warning - 1 : Skipping Token defaultPinDes On Line 4438
            Warning - 1 : Skipping Token defaultPinDes On Line 4446
            Warning - 1 : Skipping Token defaultPinDes On Line 4454
            Warning - 1 : Skipping Token defaultPinDes On Line 4462
            Warning - 1 : Skipping Token defaultPinDes On Line 4470
            Warning - 1 : Skipping Token defaultPinDes On Line 4478
            Warning - 1 : Skipping Token defaultPinDes On Line 4486
            Warning - 1 : Skipping Token defaultPinDes On Line 4494
            Warning - 1 : Skipping Token defaultPinDes On Line 4502
            Warning - 1 : Skipping Token defaultPinDes On Line 4510
            Warning - 1 : Skipping Token defaultPinDes On Line 4518
            Warning - 1 : Skipping Token defaultPinDes On Line 4526
            Warning - 1 : Skipping Token defaultPinDes On Line 4534
            Warning - 1 : Skipping Token defaultPinDes On Line 4542
            Warning - 1 : Skipping Token defaultPinDes On Line 4550
            Warning - 1 : Skipping Token defaultPinDes On Line 4558
            Warning - 1 : Skipping Token defaultPinDes On Line 4566
            Warning - 1 : Skipping Token defaultPinDes On Line 4574
            Warning - 1 : Skipping Token defaultPinDes On Line 4582
            Warning - 1 : Skipping Token defaultPinDes On Line 4590
            Warning - 1 : Skipping Token defaultPinDes On Line 4598
            Warning - 1 : Skipping Token defaultPinDes On Line 4606
            Warning - 1 : Skipping Token defaultPinDes On Line 4614
            Warning - 1 : Skipping Token defaultPinDes On Line 4622
            Warning - 1 : Skipping Token defaultPinDes On Line 4630
            Warning - 1 : Skipping Token defaultPinDes On Line 4638
            Warning - 1 : Skipping Token defaultPinDes On Line 4646
            Warning - 1 : Skipping Token defaultPinDes On Line 4654
            Warning - 1 : Skipping Token defaultPinDes On Line 4662
            Warning - 1 : Skipping Token defaultPinDes On Line 4670
            Warning - 1 : Skipping Token defaultPinDes On Line 4678
            Warning - 1 : Skipping Token defaultPinDes On Line 4686
            Warning - 1 : Skipping Token defaultPinDes On Line 4694
            Warning - 1 : Skipping Token defaultPinDes On Line 4702
            Warning - 1 : Skipping Token defaultPinDes On Line 4710
        EndSection

        Section : Generating SCH Library - NEW.SchLib
            Warning - 0 : PCAD Pattern Graphics [KONDENS-E6.5][Primary] associated with PCAD Component [KONDENS-E6.5MM] has been renamed to PCB FootPrint [KONDENS-E6.5_KONDENS-E6.5MM(Primary)].
        EndSection
    EndSection
EndSection
