Added Component: Designator=C1(Capasitor K78-2)
Added Component: Designator=C2(Capasitor K78-2)
Added Component: Designator=C3(Capasitor K78-2)
Added Component: Designator=C4(Capasitor K78-2)
Added Component: Designator=C5(Capasitor K78-2)
Added Component: Designator=C6(Capasitor K78-2)
Added Component: Designator=C7(Capasitor K78-2)
Added Component: Designator=C8(Capasitor K78-2)
Added Component: Designator=C9(Capasitor K78-2)
Added Component: Designator=C10(Capasitor K78-2)
Added Component: Designator=C11(Capasitor K78-2)
Added Component: Designator=C12(Capasitor K78-2)
Added Component: Designator=C13(Capasitor K78-2)
Added Component: Designator=C14(Capasitor K78-2)
Added Component: Designator=C15(Capasitor K78-2)
Added Component: Designator=C16(Capasitor K78-2)
Added Component: Designator=C17(Capasitor K78-2)
Added Component: Designator=C18(Capasitor K78-2)
Added Component: Designator=C19(Capasitor K78-2)
Added Component: Designator=C20(Capasitor K78-2)
Added Component: Designator=C21(Capasitor K78-2)
Added Component: Designator=C22(Capasitor K78-2)
Added Component: Designator=C23(Capasitor K78-2)
Added Component: Designator=C24(Capasitor K78-2)
Added Component: Designator=C25(Capasitor K78-2)
Added Component: Designator=C26(Capasitor K78-2)
Added Component: Designator=C27(Capasitor K78-2)
Added Component: Designator=C28(Capasitor K78-2)
Added Component: Designator=C29(Capasitor K78-2)
Added Component: Designator=C30(Capasitor K78-2)
Added Component: Designator=C31(Capasitor K78-2)
Added Component: Designator=C32(Capasitor K78-2)
Added Component: Designator=C33(Capasitor K78-2)
Added Component: Designator=C34(Capasitor K78-2)
Added Component: Designator=C35(Capasitor K78-2)
Added Component: Designator=C36(Capasitor K78-2)
Added Component: Designator=C37(Capasitor K78-2)
Added Component: Designator=C38(Capasitor K78-2)
Added Component: Designator=C39(Capasitor K78-2)
Added Component: Designator=C40(Capasitor K78-2)
Added Component: Designator=C41(Capasitor K78-2)
Added Component: Designator=C42(Capasitor K78-2)
Added Component: Designator=C43(Capasitor K78-2)
Added Component: Designator=C44(Capasitor K78-2)
Added Component: Designator=X1(TA-M)
Added Component: Designator=X2(TA-M)
Added Pin To Net: NetName=NetC1_1 Pin=C1-1
Added Pin To Net: NetName=NetC1_1 Pin=C2-1
Added Pin To Net: NetName=NetC1_1 Pin=C3-1
Added Pin To Net: NetName=NetC1_1 Pin=C4-1
Added Pin To Net: NetName=NetC1_1 Pin=C5-1
Added Pin To Net: NetName=NetC1_1 Pin=C6-1
Added Pin To Net: NetName=NetC1_1 Pin=C7-1
Added Pin To Net: NetName=NetC1_1 Pin=C8-1
Added Pin To Net: NetName=NetC1_1 Pin=C9-1
Added Pin To Net: NetName=NetC1_1 Pin=C10-1
Added Pin To Net: NetName=NetC1_1 Pin=C11-1
Added Pin To Net: NetName=NetC1_1 Pin=X1-1
Added Pin To Net: NetName=NetC1_1 Pin=X1-1
Added Net: Name=NetC1_1
Added Pin To Net: NetName=NetC1_2 Pin=C1-2
Added Pin To Net: NetName=NetC1_2 Pin=C2-2
Added Pin To Net: NetName=NetC1_2 Pin=C3-2
Added Pin To Net: NetName=NetC1_2 Pin=C4-2
Added Pin To Net: NetName=NetC1_2 Pin=C5-2
Added Pin To Net: NetName=NetC1_2 Pin=C6-2
Added Pin To Net: NetName=NetC1_2 Pin=C7-2
Added Pin To Net: NetName=NetC1_2 Pin=C8-2
Added Pin To Net: NetName=NetC1_2 Pin=C9-2
Added Pin To Net: NetName=NetC1_2 Pin=C10-2
Added Pin To Net: NetName=NetC1_2 Pin=C11-2
Added Pin To Net: NetName=NetC1_2 Pin=C12-1
Added Pin To Net: NetName=NetC1_2 Pin=C13-1
Added Pin To Net: NetName=NetC1_2 Pin=C14-1
Added Pin To Net: NetName=NetC1_2 Pin=C15-1
Added Pin To Net: NetName=NetC1_2 Pin=C16-1
Added Pin To Net: NetName=NetC1_2 Pin=C17-1
Added Pin To Net: NetName=NetC1_2 Pin=C18-1
Added Pin To Net: NetName=NetC1_2 Pin=C19-1
Added Pin To Net: NetName=NetC1_2 Pin=C20-1
Added Pin To Net: NetName=NetC1_2 Pin=C21-1
Added Pin To Net: NetName=NetC1_2 Pin=C22-1
Added Net: Name=NetC1_2
Added Pin To Net: NetName=NetC12_2 Pin=C12-2
Added Pin To Net: NetName=NetC12_2 Pin=C13-2
Added Pin To Net: NetName=NetC12_2 Pin=C14-2
Added Pin To Net: NetName=NetC12_2 Pin=C15-2
Added Pin To Net: NetName=NetC12_2 Pin=C16-2
Added Pin To Net: NetName=NetC12_2 Pin=C17-2
Added Pin To Net: NetName=NetC12_2 Pin=C18-2
Added Pin To Net: NetName=NetC12_2 Pin=C19-2
Added Pin To Net: NetName=NetC12_2 Pin=C20-2
Added Pin To Net: NetName=NetC12_2 Pin=C21-2
Added Pin To Net: NetName=NetC12_2 Pin=C22-2
Added Pin To Net: NetName=NetC12_2 Pin=C23-1
Added Pin To Net: NetName=NetC12_2 Pin=C24-1
Added Pin To Net: NetName=NetC12_2 Pin=C25-1
Added Pin To Net: NetName=NetC12_2 Pin=C26-1
Added Pin To Net: NetName=NetC12_2 Pin=C27-1
Added Pin To Net: NetName=NetC12_2 Pin=C28-1
Added Pin To Net: NetName=NetC12_2 Pin=C29-1
Added Pin To Net: NetName=NetC12_2 Pin=C30-1
Added Pin To Net: NetName=NetC12_2 Pin=C31-1
Added Pin To Net: NetName=NetC12_2 Pin=C32-1
Added Pin To Net: NetName=NetC12_2 Pin=C33-1
Added Net: Name=NetC12_2
Added Pin To Net: NetName=NetC23_2 Pin=C23-2
Added Pin To Net: NetName=NetC23_2 Pin=C24-2
Added Pin To Net: NetName=NetC23_2 Pin=C25-2
Added Pin To Net: NetName=NetC23_2 Pin=C26-2
Added Pin To Net: NetName=NetC23_2 Pin=C27-2
Added Pin To Net: NetName=NetC23_2 Pin=C28-2
Added Pin To Net: NetName=NetC23_2 Pin=C29-2
Added Pin To Net: NetName=NetC23_2 Pin=C30-2
Added Pin To Net: NetName=NetC23_2 Pin=C31-2
Added Pin To Net: NetName=NetC23_2 Pin=C32-2
Added Pin To Net: NetName=NetC23_2 Pin=C34-1
Added Pin To Net: NetName=NetC23_2 Pin=C35-1
Added Pin To Net: NetName=NetC23_2 Pin=C36-1
Added Pin To Net: NetName=NetC23_2 Pin=C37-1
Added Pin To Net: NetName=NetC23_2 Pin=C38-1
Added Pin To Net: NetName=NetC23_2 Pin=C39-1
Added Pin To Net: NetName=NetC23_2 Pin=C40-1
Added Pin To Net: NetName=NetC23_2 Pin=C41-1
Added Pin To Net: NetName=NetC23_2 Pin=C42-1
Added Pin To Net: NetName=NetC23_2 Pin=C43-1
Added Net: Name=NetC23_2
Added Pin To Net: NetName=NetC33_2 Pin=C33-2
Added Pin To Net: NetName=NetC33_2 Pin=C44-1
Added Net: Name=NetC33_2
Added Pin To Net: NetName=NetC34_2 Pin=C34-2
Added Pin To Net: NetName=NetC34_2 Pin=C35-2
Added Pin To Net: NetName=NetC34_2 Pin=C36-2
Added Pin To Net: NetName=NetC34_2 Pin=C37-2
Added Pin To Net: NetName=NetC34_2 Pin=C38-2
Added Pin To Net: NetName=NetC34_2 Pin=C39-2
Added Pin To Net: NetName=NetC34_2 Pin=C40-2
Added Pin To Net: NetName=NetC34_2 Pin=C41-2
Added Pin To Net: NetName=NetC34_2 Pin=C42-2
Added Pin To Net: NetName=NetC34_2 Pin=C43-2
Added Pin To Net: NetName=NetC34_2 Pin=C44-2
Added Pin To Net: NetName=NetC34_2 Pin=X2-1
Added Pin To Net: NetName=NetC34_2 Pin=X2-1
Added Net: Name=NetC34_2
Added Class: Name=Tesla_MMC
