Added Component: Designator=C1(C0805)
Added Component: Designator=C2(C0805)
Added Component: Designator=C3(C0805)
Added Component: Designator=C4(C0805)
Added Component: Designator=C5(C0805)
Added Component: Designator=C6(C0805)
Added Component: Designator=C7(C0805)
Added Component: Designator=C8(C0805)
Added Component: Designator=C9(C0805)
Added Component: Designator=C10(C0805)
Added Component: Designator=C11(C0805)
Added Component: Designator=C12(C0805)
Added Component: Designator=C13(C0805)
Added Component: Designator=C14(C0805)
Added Component: Designator=C15(C0805)
Added Component: Designator=C16(C0805)
Added Component: Designator=C17(C0805)
Added Component: Designator=C18(C0805)
Added Component: Designator=C19(C0805)
Added Component: Designator=C20(C0805)
Added Component: Designator=C21(C0805)
Added Component: Designator=C22(C1210)
Added Component: Designator=C23(C0805)
Added Component: Designator=C24(C0805)
Added Component: Designator=C25(C0805)
Added Component: Designator=C26(C0805)
Added Component: Designator=C27(C0805)
Added Component: Designator=C28(C0805)
Added Component: Designator=C29(C0805)
Added Component: Designator=C30(C0805)
Added Component: Designator=C31(C0805)
Added Component: Designator=C32(C0805)
Added Component: Designator=C33(C0805)
Added Component: Designator=C34(Capasitor_POL_SMD D6.3)
Added Component: Designator=C35(C0805)
Added Component: Designator=C36(CAP_POL_D6.3)
Added Component: Designator=C37(CAP_POL_D10)
Added Component: Designator=C38(CAP_POL_D10)
Added Component: Designator=C39(Capasitor_POL_SMD D8)
Added Component: Designator=C40(C0805)
Added Component: Designator=C41(C0805)
Added Component: Designator=C42(Capasitor_POL_SMD D6.3)
Added Component: Designator=C43(Capasitor_POL_SMD D8)
Added Component: Designator=C44(C0805)
Added Component: Designator=C45(C0805)
Added Component: Designator=K1(RT314012)
Added Component: Designator=K2(RT314012)
Added Component: Designator=K3(RT314012)
Added Component: Designator=K4(PE014012)
Added Component: Designator=K5(PE014012)
Added Component: Designator=L1(Inductor_SMD_12.5x12.5)
Added Component: Designator=P1(SMA)
Added Component: Designator=P2(MF 2x3MR)
Added Component: Designator=P3(MF 2x9MR)
Added Component: Designator=P4(SMA)
Added Component: Designator=P5(JTAG_connector)
Added Component: Designator=P6(HDR1X8)
Added Component: Designator=P7(HDR1X8)
Added Component: Designator=P8(SMA)
Added Component: Designator=Q1(SOT23)
Added Component: Designator=Q2(SOT23)
Added Component: Designator=Q3(SOT23)
Added Component: Designator=Q4(TO-252AA_M)
Added Component: Designator=Q5(SOT23)
Added Component: Designator=Q6(SOT23)
Added Component: Designator=Q7(SOT23)
Added Component: Designator=Q8(TO-252AA_M)
Added Component: Designator=Q9(TO-252AA_M)
Added Component: Designator=Q10(SOT23)
Added Component: Designator=Q11(TO-252AA_M)
Added Component: Designator=Q12(SOT23)
Added Component: Designator=Q13(SOT23)
Added Component: Designator=Q14(SOT23)
Added Component: Designator=R1(C0805)
Added Component: Designator=R2(C0805)
Added Component: Designator=R3(C0805)
Added Component: Designator=R4(C0805)
Added Component: Designator=R5(C0805)
Added Component: Designator=R6(C0805)
Added Component: Designator=R7(C0805)
Added Component: Designator=R8(C0805)
Added Component: Designator=R9(C0805)
Added Component: Designator=R10(C0805)
Added Component: Designator=R11(C0805)
Added Component: Designator=R12(C0805)
Added Component: Designator=R13(C0805)
Added Component: Designator=R14(C0805)
Added Component: Designator=R15(C0805)
Added Component: Designator=R16(C0805)
Added Component: Designator=R17(C0805)
Added Component: Designator=R18(C0805)
Added Component: Designator=R19(C0805)
Added Component: Designator=R20(C0805)
Added Component: Designator=R21(C0805)
Added Component: Designator=R22(C0805)
Added Component: Designator=R23(C0805)
Added Component: Designator=R24(C0805)
Added Component: Designator=R25(C0805)
Added Component: Designator=R26(C0805)
Added Component: Designator=R27(C0805)
Added Component: Designator=R28(C0805)
Added Component: Designator=R29(C0805)
Added Component: Designator=R30(C0805)
Added Component: Designator=R31(C0805)
Added Component: Designator=R32(C0805)
Added Component: Designator=R33(C0805)
Added Component: Designator=R34(C0805)
Added Component: Designator=R35(C0805)
Added Component: Designator=R36(C0805)
Added Component: Designator=R37(C0805)
Added Component: Designator=R38(C0805)
Added Component: Designator=R39(C0805)
Added Component: Designator=R40(C0805)
Added Component: Designator=R41(C0805)
Added Component: Designator=R42(C0805)
Added Component: Designator=R43(C0805)
Added Component: Designator=R44(C0805)
Added Component: Designator=R45(C0805)
Added Component: Designator=R46(C0805)
Added Component: Designator=R47(C0805)
Added Component: Designator=R48(C0805)
Added Component: Designator=R49(C0805)
Added Component: Designator=R50(C0805)
Added Component: Designator=R51(C0805)
Added Component: Designator=R52(C0805)
Added Component: Designator=R53(C0805)
Added Component: Designator=R54(C0805)
Added Component: Designator=R55(C0805)
Added Component: Designator=R56(C0805)
Added Component: Designator=R57(C0805)
Added Component: Designator=R58(C0805)
Added Component: Designator=R59(C0805)
Added Component: Designator=R60(C0805)
Added Component: Designator=R61(C0805)
Added Component: Designator=R62(C0805)
Added Component: Designator=R63(C0805)
Added Component: Designator=R64(C0805)
Added Component: Designator=R65(Resistor KNP-200)
Added Component: Designator=R66(C0805)
Added Component: Designator=R67(C0805)
Added Component: Designator=R68(C0805)
Added Component: Designator=R69(C0805)
Added Component: Designator=R70(C0805)
Added Component: Designator=R71(C0805)
Added Component: Designator=U1(LMX9838)
Added Component: Designator=U2(WISMO)
Added Component: Designator=U3(SO-14)
Added Component: Designator=U4(SO-14)
Added Component: Designator=U5(SO-14)
Added Component: Designator=U6(ADXL278)
Added Component: Designator=U7(LQFP64_M)
Added Component: Designator=U8(Fastrex_IT600)
Added Component: Designator=U9(MUA08A_N)
Added Component: Designator=U10(MP04A_N)
Added Component: Designator=U11(TO-263-5)
Added Component: Designator=U12(MUA08A_N)
Added Component: Designator=U13(TS3B_N)
Added Component: Designator=VD1(SOT23)
Added Component: Designator=VD2(SOD-123)
Added Component: Designator=VD3(SOD-123)
Added Component: Designator=VD4(SOD-123)
Added Component: Designator=VD5(SOD-123)
Added Component: Designator=VD6(SOD-123)
Added Component: Designator=VD7(SOD-123)
Added Component: Designator=VD8(SOD-123)
Added Component: Designator=VD9(SOT23)
Added Component: Designator=VD10(SOD-123)
Added Component: Designator=VD11(SOT23)
Added Component: Designator=VD12(SOT23)
Added Component: Designator=VD13(SOD-123)
Added Component: Designator=VD14(SOD-123)
Added Component: Designator=VD15(SOT23)
Added Component: Designator=VD16(SOT23)
Added Component: Designator=VD17(SOD-123)
Added Component: Designator=VD18(SOD-123)
Added Component: Designator=VD19(SOT23)
Added Component: Designator=VD20(SOD-123)
Added Component: Designator=VD21(SOT23)
Added Component: Designator=VD22(SOD-123)
Added Component: Designator=VD23(SOT23)
Added Component: Designator=VD24(SOD-123)
Added Component: Designator=VD25(SOT23)
Added Component: Designator=VD26(SOT23)
Added Component: Designator=VD27(SMC)
Added Component: Designator=VD28(SMC)
Added Component: Designator=VD29(SMC)
Added Component: Designator=VD30(SMC)
Added Component: Designator=VD31(SOT23)
Added Component: Designator=VD32(SOT23)
Added Component: Designator=X1(SCV-W2523X30-06-LF)
Added Component: Designator=X2(SCV-W2523X30-06-LF)
Added Component: Designator=X3(SCV-W2523X30-06-LF)
Added Component: Designator=X4(DG350-3.5-2P)
Added Component: Designator=Y1(QUARTZ_SMD0425)
Added Pin To Net: NetName=ACC Pin=K3-3
Added Pin To Net: NetName=ACC Pin=K3-3
Added Pin To Net: NetName=ACC Pin=P2-4
Added Net: Name=ACC
Added Pin To Net: NetName=BRAKE_CTRL Pin=P3-3
Added Pin To Net: NetName=BRAKE_CTRL Pin=R27-1
Added Net: Name=BRAKE_CTRL
Added Pin To Net: NetName=DC_COM Pin=K4-3
Added Pin To Net: NetName=DC_COM Pin=P3-8
Added Net: Name=DC_COM
Added Pin To Net: NetName=DC_NC Pin=K4-4
Added Pin To Net: NetName=DC_NC Pin=P3-6
Added Net: Name=DC_NC
Added Pin To Net: NetName=DC_NO Pin=K4-5
Added Pin To Net: NetName=DC_NO Pin=P3-10
Added Net: Name=DC_NO
Added Pin To Net: NetName=DO_COM Pin=K5-3
Added Pin To Net: NetName=DO_COM Pin=P3-7
Added Net: Name=DO_COM
Added Pin To Net: NetName=DO_NC Pin=K5-4
Added Pin To Net: NetName=DO_NC Pin=P3-5
Added Net: Name=DO_NC
Added Pin To Net: NetName=DO_NO Pin=K5-5
Added Pin To Net: NetName=DO_NO Pin=P3-9
Added Net: Name=DO_NO
Added Pin To Net: NetName=DOOR_TR Pin=P3-11
Added Pin To Net: NetName=DOOR_TR Pin=R31-1
Added Net: Name=DOOR_TR
Added Pin To Net: NetName=GND Pin=C1-2
Added Pin To Net: NetName=GND Pin=C2-2
Added Pin To Net: NetName=GND Pin=C3-2
Added Pin To Net: NetName=GND Pin=C4-2
Added Pin To Net: NetName=GND Pin=C5-2
Added Pin To Net: NetName=GND Pin=C6-2
Added Pin To Net: NetName=GND Pin=C7-2
Added Pin To Net: NetName=GND Pin=C8-2
Added Pin To Net: NetName=GND Pin=C9-2
Added Pin To Net: NetName=GND Pin=C10-2
Added Pin To Net: NetName=GND Pin=C11-2
Added Pin To Net: NetName=GND Pin=C12-2
Added Pin To Net: NetName=GND Pin=C13-2
Added Pin To Net: NetName=GND Pin=C14-2
Added Pin To Net: NetName=GND Pin=C15-2
Added Pin To Net: NetName=GND Pin=C16-1
Added Pin To Net: NetName=GND Pin=C17-2
Added Pin To Net: NetName=GND Pin=C18-1
Added Pin To Net: NetName=GND Pin=C19-2
Added Pin To Net: NetName=GND Pin=C20-2
Added Pin To Net: NetName=GND Pin=C21-1
Added Pin To Net: NetName=GND Pin=C22-1
Added Pin To Net: NetName=GND Pin=C23-1
Added Pin To Net: NetName=GND Pin=C24-1
Added Pin To Net: NetName=GND Pin=C25-1
Added Pin To Net: NetName=GND Pin=C26-1
Added Pin To Net: NetName=GND Pin=C27-1
Added Pin To Net: NetName=GND Pin=C28-1
Added Pin To Net: NetName=GND Pin=C29-2
Added Pin To Net: NetName=GND Pin=C30-2
Added Pin To Net: NetName=GND Pin=C31-2
Added Pin To Net: NetName=GND Pin=C32-2
Added Pin To Net: NetName=GND Pin=C33-2
Added Pin To Net: NetName=GND Pin=C34-2
Added Pin To Net: NetName=GND Pin=C35-2
Added Pin To Net: NetName=GND Pin=C36-2
Added Pin To Net: NetName=GND Pin=C37-2
Added Pin To Net: NetName=GND Pin=C38-2
Added Pin To Net: NetName=GND Pin=C39-2
Added Pin To Net: NetName=GND Pin=C40-2
Added Pin To Net: NetName=GND Pin=C41-2
Added Pin To Net: NetName=GND Pin=C43-2
Added Pin To Net: NetName=GND Pin=C44-2
Added Pin To Net: NetName=GND Pin=C45-2
Added Pin To Net: NetName=GND Pin=P1-2
Added Pin To Net: NetName=GND Pin=P1-2
Added Pin To Net: NetName=GND Pin=P1-2
Added Pin To Net: NetName=GND Pin=P1-2
Added Pin To Net: NetName=GND Pin=P3-18
Added Pin To Net: NetName=GND Pin=P4-2
Added Pin To Net: NetName=GND Pin=P4-2
Added Pin To Net: NetName=GND Pin=P4-2
Added Pin To Net: NetName=GND Pin=P4-2
Added Pin To Net: NetName=GND Pin=P5-7
Added Pin To Net: NetName=GND Pin=P5-9
Added Pin To Net: NetName=GND Pin=P6-1
Added Pin To Net: NetName=GND Pin=P6-8
Added Pin To Net: NetName=GND Pin=P7-6
Added Pin To Net: NetName=GND Pin=P7-7
Added Pin To Net: NetName=GND Pin=P7-8
Added Pin To Net: NetName=GND Pin=P8-2
Added Pin To Net: NetName=GND Pin=P8-2
Added Pin To Net: NetName=GND Pin=P8-2
Added Pin To Net: NetName=GND Pin=P8-2
Added Pin To Net: NetName=GND Pin=Q1-2
Added Pin To Net: NetName=GND Pin=Q2-2
Added Pin To Net: NetName=GND Pin=Q3-2
Added Pin To Net: NetName=GND Pin=Q5-2
Added Pin To Net: NetName=GND Pin=Q6-2
Added Pin To Net: NetName=GND Pin=Q7-2
Added Pin To Net: NetName=GND Pin=Q8-3
Added Pin To Net: NetName=GND Pin=Q10-2
Added Pin To Net: NetName=GND Pin=Q12-2
Added Pin To Net: NetName=GND Pin=R9-1
Added Pin To Net: NetName=GND Pin=R10-1
Added Pin To Net: NetName=GND Pin=R11-1
Added Pin To Net: NetName=GND Pin=R19-1
Added Pin To Net: NetName=GND Pin=R20-1
Added Pin To Net: NetName=GND Pin=R21-1
Added Pin To Net: NetName=GND Pin=R25-1
Added Pin To Net: NetName=GND Pin=R37-1
Added Pin To Net: NetName=GND Pin=R41-1
Added Pin To Net: NetName=GND Pin=R54-2
Added Pin To Net: NetName=GND Pin=R55-2
Added Pin To Net: NetName=GND Pin=R64-1
Added Pin To Net: NetName=GND Pin=R67-1
Added Pin To Net: NetName=GND Pin=R69-1
Added Pin To Net: NetName=GND Pin=R71-1
Added Pin To Net: NetName=GND Pin=U1-3
Added Pin To Net: NetName=GND Pin=U1-4
Added Pin To Net: NetName=GND Pin=U1-15
Added Pin To Net: NetName=GND Pin=U1-17
Added Pin To Net: NetName=GND Pin=U1-18
Added Pin To Net: NetName=GND Pin=U1-24
Added Pin To Net: NetName=GND Pin=U1-27
Added Pin To Net: NetName=GND Pin=U1-29
Added Pin To Net: NetName=GND Pin=U1-30
Added Pin To Net: NetName=GND Pin=U1-31
Added Pin To Net: NetName=GND Pin=U1-32
Added Pin To Net: NetName=GND Pin=U2-20
Added Pin To Net: NetName=GND Pin=U2-22
Added Pin To Net: NetName=GND Pin=U2-23
Added Pin To Net: NetName=GND Pin=U2-26
Added Pin To Net: NetName=GND Pin=U2-28
Added Pin To Net: NetName=GND Pin=U2-31
Added Pin To Net: NetName=GND Pin=U3-7
Added Pin To Net: NetName=GND Pin=U4-7
Added Pin To Net: NetName=GND Pin=U5-7
Added Pin To Net: NetName=GND Pin=U6-3
Added Pin To Net: NetName=GND Pin=U7-12
Added Pin To Net: NetName=GND Pin=U7-18
Added Pin To Net: NetName=GND Pin=U7-31
Added Pin To Net: NetName=GND Pin=U7-47
Added Pin To Net: NetName=GND Pin=U7-60
Added Pin To Net: NetName=GND Pin=U7-63
Added Pin To Net: NetName=GND Pin=U8-5
Added Pin To Net: NetName=GND Pin=U8-11
Added Pin To Net: NetName=GND Pin=U8-20
Added Pin To Net: NetName=GND Pin=U8-24
Added Pin To Net: NetName=GND Pin=U8-26
Added Pin To Net: NetName=GND Pin=U8-31
Added Pin To Net: NetName=GND Pin=U8-32
Added Pin To Net: NetName=GND Pin=U8-33
Added Pin To Net: NetName=GND Pin=U8-34
Added Pin To Net: NetName=GND Pin=U8-35
Added Pin To Net: NetName=GND Pin=U8-36
Added Pin To Net: NetName=GND Pin=U9-3
Added Pin To Net: NetName=GND Pin=U10-2
Added Pin To Net: NetName=GND Pin=U10-4
Added Pin To Net: NetName=GND Pin=U11-3
Added Pin To Net: NetName=GND Pin=U11-3
Added Pin To Net: NetName=GND Pin=U11-5
Added Pin To Net: NetName=GND Pin=U12-3
Added Pin To Net: NetName=GND Pin=VD1-1
Added Pin To Net: NetName=GND Pin=VD2-2
Added Pin To Net: NetName=GND Pin=VD9-1
Added Pin To Net: NetName=GND Pin=VD10-2
Added Pin To Net: NetName=GND Pin=VD11-1
Added Pin To Net: NetName=GND Pin=VD12-1
Added Pin To Net: NetName=GND Pin=VD13-2
Added Pin To Net: NetName=GND Pin=VD14-2
Added Pin To Net: NetName=GND Pin=VD15-1
Added Pin To Net: NetName=GND Pin=VD16-1
Added Pin To Net: NetName=GND Pin=VD17-2
Added Pin To Net: NetName=GND Pin=VD18-2
Added Pin To Net: NetName=GND Pin=VD19-1
Added Pin To Net: NetName=GND Pin=VD20-2
Added Pin To Net: NetName=GND Pin=VD21-1
Added Pin To Net: NetName=GND Pin=VD22-2
Added Pin To Net: NetName=GND Pin=VD23-1
Added Pin To Net: NetName=GND Pin=VD24-2
Added Pin To Net: NetName=GND Pin=VD25-1
Added Pin To Net: NetName=GND Pin=VD26-1
Added Pin To Net: NetName=GND Pin=VD28-2
Added Pin To Net: NetName=GND Pin=VD31-1
Added Pin To Net: NetName=GND Pin=VD32-1
Added Pin To Net: NetName=GND Pin=X1-4
Added Pin To Net: NetName=GND Pin=X2-4
Added Pin To Net: NetName=GND Pin=X3-4
Added Pin To Net: NetName=GND Pin=X4-2
Added Net: Name=GND
Added Pin To Net: NetName=GSM_ON/OFF Pin=R51-1
Added Pin To Net: NetName=GSM_ON/OFF Pin=U7-8
Added Net: Name=GSM_ON/OFF
Added Pin To Net: NetName=GSM_READY Pin=U2-7
Added Pin To Net: NetName=GSM_READY Pin=U7-10
Added Net: Name=GSM_READY
Added Pin To Net: NetName=GSM_RESET Pin=R50-1
Added Pin To Net: NetName=GSM_RESET Pin=U7-9
Added Net: Name=GSM_RESET
Added Pin To Net: NetName=GSM_RING Pin=U2-45
Added Pin To Net: NetName=GSM_RING Pin=U7-11
Added Net: Name=GSM_RING
Added Pin To Net: NetName=HOOD_TR Pin=P3-12
Added Pin To Net: NetName=HOOD_TR Pin=R28-1
Added Net: Name=HOOD_TR
Added Pin To Net: NetName=IGN1 Pin=K1-3
Added Pin To Net: NetName=IGN1 Pin=K1-3
Added Pin To Net: NetName=IGN1 Pin=P2-2
Added Net: Name=IGN1
Added Pin To Net: NetName=IGN2 Pin=K2-3
Added Pin To Net: NetName=IGN2 Pin=K2-3
Added Pin To Net: NetName=IGN2 Pin=P2-3
Added Net: Name=IGN2
Added Pin To Net: NetName=IN+12V Pin=K1-5
Added Pin To Net: NetName=IN+12V Pin=K1-5
Added Pin To Net: NetName=IN+12V Pin=K2-5
Added Pin To Net: NetName=IN+12V Pin=K2-5
Added Pin To Net: NetName=IN+12V Pin=K3-5
Added Pin To Net: NetName=IN+12V Pin=K3-5
Added Pin To Net: NetName=IN+12V Pin=P2-1
Added Pin To Net: NetName=IN+12V Pin=VD8-1
Added Net: Name=IN+12V
Added Pin To Net: NetName=LIGHTS Pin=P3-15
Added Pin To Net: NetName=LIGHTS Pin=Q11-4
Added Net: Name=LIGHTS
Added Pin To Net: NetName=M_LOCK Pin=R15-2
Added Pin To Net: NetName=M_LOCK Pin=U7-54
Added Net: Name=M_LOCK
Added Pin To Net: NetName=MOTOR_CTRL Pin=P3-2
Added Pin To Net: NetName=MOTOR_CTRL Pin=R23-1
Added Net: Name=MOTOR_CTRL
Added Pin To Net: NetName=MOTOR_LOCK Pin=P3-4
Added Pin To Net: NetName=MOTOR_LOCK Pin=Q4-4
Added Net: Name=MOTOR_LOCK
Added Pin To Net: NetName=NetC7_1 Pin=C7-1
Added Pin To Net: NetName=NetC7_1 Pin=R5-2
Added Pin To Net: NetName=NetC7_1 Pin=U7-28
Added Pin To Net: NetName=NetC7_1 Pin=VD1-3
Added Net: Name=NetC7_1
Added Pin To Net: NetName=NetC8_1 Pin=C8-1
Added Pin To Net: NetName=NetC8_1 Pin=R18-2
Added Pin To Net: NetName=NetC8_1 Pin=U7-58
Added Pin To Net: NetName=NetC8_1 Pin=VD9-3
Added Net: Name=NetC8_1
Added Pin To Net: NetName=NetC9_1 Pin=C9-1
Added Pin To Net: NetName=NetC9_1 Pin=R24-2
Added Pin To Net: NetName=NetC9_1 Pin=U7-35
Added Pin To Net: NetName=NetC9_1 Pin=VD11-3
Added Net: Name=NetC9_1
Added Pin To Net: NetName=NetC10_1 Pin=C10-1
Added Pin To Net: NetName=NetC10_1 Pin=R26-2
Added Pin To Net: NetName=NetC10_1 Pin=U7-36
Added Pin To Net: NetName=NetC10_1 Pin=VD12-3
Added Net: Name=NetC10_1
Added Pin To Net: NetName=NetC11_1 Pin=C11-1
Added Pin To Net: NetName=NetC11_1 Pin=R29-2
Added Pin To Net: NetName=NetC11_1 Pin=U7-53
Added Pin To Net: NetName=NetC11_1 Pin=VD15-3
Added Net: Name=NetC11_1
Added Pin To Net: NetName=NetC12_1 Pin=C12-1
Added Pin To Net: NetName=NetC12_1 Pin=R30-2
Added Pin To Net: NetName=NetC12_1 Pin=U7-52
Added Pin To Net: NetName=NetC12_1 Pin=VD16-3
Added Net: Name=NetC12_1
Added Pin To Net: NetName=NetC13_1 Pin=C13-1
Added Pin To Net: NetName=NetC13_1 Pin=R32-2
Added Pin To Net: NetName=NetC13_1 Pin=U7-51
Added Pin To Net: NetName=NetC13_1 Pin=VD19-3
Added Net: Name=NetC13_1
Added Pin To Net: NetName=NetC14_1 Pin=C14-1
Added Pin To Net: NetName=NetC14_1 Pin=R43-2
Added Pin To Net: NetName=NetC14_1 Pin=U7-39
Added Pin To Net: NetName=NetC14_1 Pin=VD21-3
Added Net: Name=NetC14_1
Added Pin To Net: NetName=NetC15_1 Pin=C15-1
Added Pin To Net: NetName=NetC15_1 Pin=R44-2
Added Pin To Net: NetName=NetC15_1 Pin=U7-40
Added Pin To Net: NetName=NetC15_1 Pin=VD23-3
Added Net: Name=NetC15_1
Added Pin To Net: NetName=NetC16_2 Pin=C16-2
Added Pin To Net: NetName=NetC16_2 Pin=U2-8
Added Pin To Net: NetName=NetC16_2 Pin=X1-1
Added Pin To Net: NetName=NetC16_2 Pin=X2-1
Added Pin To Net: NetName=NetC16_2 Pin=X3-1
Added Net: Name=NetC16_2
Added Pin To Net: NetName=NetC19_1 Pin=C19-1
Added Pin To Net: NetName=NetC19_1 Pin=U7-5
Added Pin To Net: NetName=NetC19_1 Pin=Y1-3
Added Net: Name=NetC19_1
Added Pin To Net: NetName=NetC20_1 Pin=C20-1
Added Pin To Net: NetName=NetC20_1 Pin=R56-1
Added Pin To Net: NetName=NetC20_1 Pin=Y1-1
Added Net: Name=NetC20_1
Added Pin To Net: NetName=NetC32_1 Pin=C32-1
Added Pin To Net: NetName=NetC32_1 Pin=R61-1
Added Pin To Net: NetName=NetC32_1 Pin=U9-7
Added Net: Name=NetC32_1
Added Pin To Net: NetName=NetC35_1 Pin=C35-1
Added Pin To Net: NetName=NetC35_1 Pin=U9-6
Added Net: Name=NetC35_1
Added Pin To Net: NetName=NetC37_1 Pin=C37-1
Added Pin To Net: NetName=NetC37_1 Pin=L1-2
Added Pin To Net: NetName=NetC37_1 Pin=R62-2
Added Pin To Net: NetName=NetC37_1 Pin=VD27-2
Added Pin To Net: NetName=NetC37_1 Pin=VD30-2
Added Net: Name=NetC37_1
Added Pin To Net: NetName=NetC38_1 Pin=C38-1
Added Pin To Net: NetName=NetC38_1 Pin=U10-1
Added Pin To Net: NetName=NetC38_1 Pin=U13-3
Added Pin To Net: NetName=NetC38_1 Pin=VD27-1
Added Pin To Net: NetName=NetC38_1 Pin=VD29-1
Added Net: Name=NetC38_1
Added Pin To Net: NetName=NetC45_1 Pin=C45-1
Added Pin To Net: NetName=NetC45_1 Pin=U12-6
Added Net: Name=NetC45_1
Added Pin To Net: NetName=NetK1_1 Pin=K1-1
Added Pin To Net: NetName=NetK1_1 Pin=Q1-3
Added Pin To Net: NetName=NetK1_1 Pin=VD3-2
Added Net: Name=NetK1_1
Added Pin To Net: NetName=NetK1_4 Pin=K1-4
Added Pin To Net: NetName=NetK1_4 Pin=K1-4
Added Pin To Net: NetName=NetK1_4 Pin=R4-1
Added Net: Name=NetK1_4
Added Pin To Net: NetName=NetK2_1 Pin=K2-1
Added Pin To Net: NetName=NetK2_1 Pin=Q2-3
Added Pin To Net: NetName=NetK2_1 Pin=VD4-2
Added Net: Name=NetK2_1
Added Pin To Net: NetName=NetK3_1 Pin=K3-1
Added Pin To Net: NetName=NetK3_1 Pin=Q3-3
Added Pin To Net: NetName=NetK3_1 Pin=VD5-2
Added Net: Name=NetK3_1
Added Pin To Net: NetName=NetK4_1 Pin=K4-1
Added Pin To Net: NetName=NetK4_1 Pin=Q5-3
Added Pin To Net: NetName=NetK4_1 Pin=VD6-2
Added Net: Name=NetK4_1
Added Pin To Net: NetName=NetK5_1 Pin=K5-1
Added Pin To Net: NetName=NetK5_1 Pin=Q7-3
Added Pin To Net: NetName=NetK5_1 Pin=VD7-2
Added Net: Name=NetK5_1
Added Pin To Net: NetName=NetL1_1 Pin=L1-1
Added Pin To Net: NetName=NetL1_1 Pin=U11-2
Added Pin To Net: NetName=NetL1_1 Pin=VD28-1
Added Net: Name=NetL1_1
Added Pin To Net: NetName=NetP1_1 Pin=P1-1
Added Pin To Net: NetName=NetP1_1 Pin=U1-1
Added Pin To Net: NetName=NetP1_1 Pin=U1-1
Added Net: Name=NetP1_1
Added Pin To Net: NetName=NetP4_1 Pin=P4-1
Added Pin To Net: NetName=NetP4_1 Pin=U2-21
Added Net: Name=NetP4_1
Added Pin To Net: NetName=NetP8_1 Pin=P8-1
Added Pin To Net: NetName=NetP8_1 Pin=U8-25
Added Net: Name=NetP8_1
Added Pin To Net: NetName=NetQ1_1 Pin=Q1-1
Added Pin To Net: NetName=NetQ1_1 Pin=R6-1
Added Pin To Net: NetName=NetQ1_1 Pin=R9-2
Added Net: Name=NetQ1_1
Added Pin To Net: NetName=NetQ2_1 Pin=Q2-1
Added Pin To Net: NetName=NetQ2_1 Pin=R7-1
Added Pin To Net: NetName=NetQ2_1 Pin=R10-2
Added Net: Name=NetQ2_1
Added Pin To Net: NetName=NetQ3_1 Pin=Q3-1
Added Pin To Net: NetName=NetQ3_1 Pin=R8-1
Added Pin To Net: NetName=NetQ3_1 Pin=R11-2
Added Net: Name=NetQ3_1
Added Pin To Net: NetName=NetQ4_1 Pin=Q4-1
Added Pin To Net: NetName=NetQ4_1 Pin=R13-1
Added Net: Name=NetQ4_1
Added Pin To Net: NetName=NetQ5_1 Pin=Q5-1
Added Pin To Net: NetName=NetQ5_1 Pin=R14-1
Added Pin To Net: NetName=NetQ5_1 Pin=R19-2
Added Net: Name=NetQ5_1
Added Pin To Net: NetName=NetQ6_1 Pin=Q6-1
Added Pin To Net: NetName=NetQ6_1 Pin=R15-1
Added Pin To Net: NetName=NetQ6_1 Pin=R20-2
Added Net: Name=NetQ6_1
Added Pin To Net: NetName=NetQ6_3 Pin=Q6-3
Added Pin To Net: NetName=NetQ6_3 Pin=R12-1
Added Pin To Net: NetName=NetQ6_3 Pin=R13-2
Added Net: Name=NetQ6_3
Added Pin To Net: NetName=NetQ7_1 Pin=Q7-1
Added Pin To Net: NetName=NetQ7_1 Pin=R16-1
Added Pin To Net: NetName=NetQ7_1 Pin=R21-2
Added Net: Name=NetQ7_1
Added Pin To Net: NetName=NetQ8_1 Pin=Q8-1
Added Pin To Net: NetName=NetQ8_1 Pin=R22-1
Added Pin To Net: NetName=NetQ8_1 Pin=R25-2
Added Net: Name=NetQ8_1
Added Pin To Net: NetName=NetQ9_1 Pin=Q9-1
Added Pin To Net: NetName=NetQ9_1 Pin=R35-1
Added Net: Name=NetQ9_1
Added Pin To Net: NetName=NetQ10_1 Pin=Q10-1
Added Pin To Net: NetName=NetQ10_1 Pin=R36-1
Added Pin To Net: NetName=NetQ10_1 Pin=R37-2
Added Net: Name=NetQ10_1
Added Pin To Net: NetName=NetQ10_3 Pin=Q10-3
Added Pin To Net: NetName=NetQ10_3 Pin=R34-1
Added Pin To Net: NetName=NetQ10_3 Pin=R35-2
Added Net: Name=NetQ10_3
Added Pin To Net: NetName=NetQ11_1 Pin=Q11-1
Added Pin To Net: NetName=NetQ11_1 Pin=R39-1
Added Net: Name=NetQ11_1
Added Pin To Net: NetName=NetQ12_1 Pin=Q12-1
Added Pin To Net: NetName=NetQ12_1 Pin=R40-1
Added Pin To Net: NetName=NetQ12_1 Pin=R41-2
Added Net: Name=NetQ12_1
Added Pin To Net: NetName=NetQ12_3 Pin=Q12-3
Added Pin To Net: NetName=NetQ12_3 Pin=R38-1
Added Pin To Net: NetName=NetQ12_3 Pin=R39-2
Added Net: Name=NetQ12_3
Added Pin To Net: NetName=NetQ13_1 Pin=Q13-1
Added Pin To Net: NetName=NetQ13_1 Pin=Q14-1
Added Pin To Net: NetName=NetQ13_1 Pin=R48-1
Added Pin To Net: NetName=NetQ13_1 Pin=R49-1
Added Pin To Net: NetName=NetQ13_1 Pin=U2-46
Added Net: Name=NetQ13_1
Added Pin To Net: NetName=NetQ13_2 Pin=Q13-2
Added Pin To Net: NetName=NetQ13_2 Pin=R48-2
Added Pin To Net: NetName=NetQ13_2 Pin=U2-40
Added Net: Name=NetQ13_2
Added Pin To Net: NetName=NetQ13_3 Pin=Q13-3
Added Pin To Net: NetName=NetQ13_3 Pin=R46-2
Added Pin To Net: NetName=NetQ13_3 Pin=U7-17
Added Net: Name=NetQ13_3
Added Pin To Net: NetName=NetQ14_2 Pin=Q14-2
Added Pin To Net: NetName=NetQ14_2 Pin=R49-2
Added Pin To Net: NetName=NetQ14_2 Pin=U2-38
Added Net: Name=NetQ14_2
Added Pin To Net: NetName=NetQ14_3 Pin=Q14-3
Added Pin To Net: NetName=NetQ14_3 Pin=R47-2
Added Pin To Net: NetName=NetQ14_3 Pin=U7-16
Added Net: Name=NetQ14_3
Added Pin To Net: NetName=NetR1_1 Pin=R1-1
Added Pin To Net: NetName=NetR1_1 Pin=U1-16
Added Net: Name=NetR1_1
Added Pin To Net: NetName=NetR2_1 Pin=R2-1
Added Pin To Net: NetName=NetR2_1 Pin=U1-26
Added Net: Name=NetR2_1
Added Pin To Net: NetName=NetR3_1 Pin=R3-1
Added Pin To Net: NetName=NetR3_1 Pin=U1-25
Added Net: Name=NetR3_1
Added Pin To Net: NetName=NetR4_2 Pin=R4-2
Added Pin To Net: NetName=NetR4_2 Pin=R5-1
Added Pin To Net: NetName=NetR4_2 Pin=VD2-1
Added Net: Name=NetR4_2
Added Pin To Net: NetName=NetR6_2 Pin=R6-2
Added Pin To Net: NetName=NetR6_2 Pin=U7-57
Added Net: Name=NetR6_2
Added Pin To Net: NetName=NetR7_2 Pin=R7-2
Added Pin To Net: NetName=NetR7_2 Pin=U7-61
Added Net: Name=NetR7_2
Added Pin To Net: NetName=NetR8_2 Pin=R8-2
Added Pin To Net: NetName=NetR8_2 Pin=U7-62
Added Net: Name=NetR8_2
Added Pin To Net: NetName=NetR14_2 Pin=R14-2
Added Pin To Net: NetName=NetR14_2 Pin=U7-25
Added Net: Name=NetR14_2
Added Pin To Net: NetName=NetR16_2 Pin=R16-2
Added Pin To Net: NetName=NetR16_2 Pin=U7-24
Added Net: Name=NetR16_2
Added Pin To Net: NetName=NetR17_2 Pin=R17-2
Added Pin To Net: NetName=NetR17_2 Pin=R18-1
Added Pin To Net: NetName=NetR17_2 Pin=VD10-1
Added Net: Name=NetR17_2
Added Pin To Net: NetName=NetR22_2 Pin=R22-2
Added Pin To Net: NetName=NetR22_2 Pin=U7-59
Added Net: Name=NetR22_2
Added Pin To Net: NetName=NetR23_2 Pin=R23-2
Added Pin To Net: NetName=NetR23_2 Pin=R24-1
Added Pin To Net: NetName=NetR23_2 Pin=VD14-1
Added Net: Name=NetR23_2
Added Pin To Net: NetName=NetR26_1 Pin=R26-1
Added Pin To Net: NetName=NetR26_1 Pin=R27-2
Added Pin To Net: NetName=NetR26_1 Pin=VD13-1
Added Net: Name=NetR26_1
Added Pin To Net: NetName=NetR28_2 Pin=R28-2
Added Pin To Net: NetName=NetR28_2 Pin=R29-1
Added Pin To Net: NetName=NetR28_2 Pin=VD18-1
Added Net: Name=NetR28_2
Added Pin To Net: NetName=NetR30_1 Pin=R30-1
Added Pin To Net: NetName=NetR30_1 Pin=R31-2
Added Pin To Net: NetName=NetR30_1 Pin=VD17-1
Added Net: Name=NetR30_1
Added Pin To Net: NetName=NetR32_1 Pin=R32-1
Added Pin To Net: NetName=NetR32_1 Pin=R33-2
Added Pin To Net: NetName=NetR32_1 Pin=VD20-1
Added Net: Name=NetR32_1
Added Pin To Net: NetName=NetR36_2 Pin=R36-2
Added Pin To Net: NetName=NetR36_2 Pin=U7-38
Added Net: Name=NetR36_2
Added Pin To Net: NetName=NetR40_2 Pin=R40-2
Added Pin To Net: NetName=NetR40_2 Pin=U7-37
Added Net: Name=NetR40_2
Added Pin To Net: NetName=NetR42_2 Pin=R42-2
Added Pin To Net: NetName=NetR42_2 Pin=R43-1
Added Pin To Net: NetName=NetR42_2 Pin=VD22-1
Added Net: Name=NetR42_2
Added Pin To Net: NetName=NetR44_1 Pin=R44-1
Added Pin To Net: NetName=NetR44_1 Pin=R45-2
Added Pin To Net: NetName=NetR44_1 Pin=VD24-1
Added Net: Name=NetR44_1
Added Pin To Net: NetName=NetR50_2 Pin=R50-2
Added Pin To Net: NetName=NetR50_2 Pin=U2-12
Added Pin To Net: NetName=NetR50_2 Pin=VD26-3
Added Net: Name=NetR50_2
Added Pin To Net: NetName=NetR51_2 Pin=R51-2
Added Pin To Net: NetName=NetR51_2 Pin=U2-37
Added Pin To Net: NetName=NetR51_2 Pin=VD25-3
Added Net: Name=NetR51_2
Added Pin To Net: NetName=NetR52_1 Pin=R52-1
Added Pin To Net: NetName=NetR52_1 Pin=R55-1
Added Pin To Net: NetName=NetR52_1 Pin=U7-14
Added Net: Name=NetR52_1
Added Pin To Net: NetName=NetR52_2 Pin=R52-2
Added Pin To Net: NetName=NetR52_2 Pin=U6-6
Added Net: Name=NetR52_2
Added Pin To Net: NetName=NetR53_1 Pin=R53-1
Added Pin To Net: NetName=NetR53_1 Pin=R54-1
Added Pin To Net: NetName=NetR53_1 Pin=U7-15
Added Net: Name=NetR53_1
Added Pin To Net: NetName=NetR53_2 Pin=R53-2
Added Pin To Net: NetName=NetR53_2 Pin=U6-2
Added Net: Name=NetR53_2
Added Pin To Net: NetName=NetR56_2 Pin=R56-2
Added Pin To Net: NetName=NetR56_2 Pin=U7-6
Added Net: Name=NetR56_2
Added Pin To Net: NetName=NetR57_1 Pin=R57-1
Added Pin To Net: NetName=NetR57_1 Pin=U7-29
Added Net: Name=NetR57_1
Added Pin To Net: NetName=NetR57_2 Pin=R57-2
Added Pin To Net: NetName=NetR57_2 Pin=U8-8
Added Net: Name=NetR57_2
Added Pin To Net: NetName=NetR58_1 Pin=R58-1
Added Pin To Net: NetName=NetR58_1 Pin=U7-30
Added Net: Name=NetR58_1
Added Pin To Net: NetName=NetR58_2 Pin=R58-2
Added Pin To Net: NetName=NetR58_2 Pin=U8-9
Added Net: Name=NetR58_2
Added Pin To Net: NetName=NetR59_1 Pin=R59-1
Added Pin To Net: NetName=NetR59_1 Pin=U7-33
Added Net: Name=NetR59_1
Added Pin To Net: NetName=NetR59_2 Pin=R59-2
Added Pin To Net: NetName=NetR59_2 Pin=U8-29
Added Net: Name=NetR59_2
Added Pin To Net: NetName=NetR60_1 Pin=R60-1
Added Pin To Net: NetName=NetR60_1 Pin=U7-34
Added Net: Name=NetR60_1
Added Pin To Net: NetName=NetR60_2 Pin=R60-2
Added Pin To Net: NetName=NetR60_2 Pin=U8-30
Added Net: Name=NetR60_2
Added Pin To Net: NetName=NetR62_1 Pin=R62-1
Added Pin To Net: NetName=NetR62_1 Pin=R64-2
Added Pin To Net: NetName=NetR62_1 Pin=U11-4
Added Net: Name=NetR62_1
Added Pin To Net: NetName=NetR63_1 Pin=R63-1
Added Pin To Net: NetName=NetR63_1 Pin=R67-2
Added Pin To Net: NetName=NetR63_1 Pin=U7-26
Added Pin To Net: NetName=NetR63_1 Pin=VD31-3
Added Net: Name=NetR63_1
Added Pin To Net: NetName=NetR65_1 Pin=R65-1
Added Pin To Net: NetName=NetR65_1 Pin=R70-2
Added Pin To Net: NetName=NetR65_1 Pin=VD29-2
Added Pin To Net: NetName=NetR65_1 Pin=X4-1
Added Net: Name=NetR65_1
Added Pin To Net: NetName=NetR65_2 Pin=R65-2
Added Pin To Net: NetName=NetR65_2 Pin=VD30-1
Added Net: Name=NetR65_2
Added Pin To Net: NetName=NetR66_1 Pin=R66-1
Added Pin To Net: NetName=NetR66_1 Pin=U12-8
Added Net: Name=NetR66_1
Added Pin To Net: NetName=NetR68_1 Pin=R68-1
Added Pin To Net: NetName=NetR68_1 Pin=R69-2
Added Pin To Net: NetName=NetR68_1 Pin=U13-1
Added Net: Name=NetR68_1
Added Pin To Net: NetName=NetR70_1 Pin=R70-1
Added Pin To Net: NetName=NetR70_1 Pin=R71-2
Added Pin To Net: NetName=NetR70_1 Pin=U7-27
Added Pin To Net: NetName=NetR70_1 Pin=VD32-3
Added Net: Name=NetR70_1
Added Pin To Net: NetName=NetU1_2 Pin=U1-2
Added Pin To Net: NetName=NetU1_2 Pin=U7-41
Added Net: Name=NetU1_2
Added Pin To Net: NetName=NetU1_12 Pin=U1-12
Added Pin To Net: NetName=NetU1_12 Pin=U7-42
Added Net: Name=NetU1_12
Added Pin To Net: NetName=NetU1_13 Pin=U1-13
Added Pin To Net: NetName=NetU1_13 Pin=U7-43
Added Net: Name=NetU1_13
Added Pin To Net: NetName=NetU2_9 Pin=U2-9
Added Pin To Net: NetName=NetU2_9 Pin=U3-4
Added Pin To Net: NetName=NetU2_9 Pin=U4-4
Added Pin To Net: NetName=NetU2_9 Pin=U5-4
Added Net: Name=NetU2_9
Added Pin To Net: NetName=NetU2_10 Pin=U2-10
Added Pin To Net: NetName=NetU2_10 Pin=U3-8
Added Pin To Net: NetName=NetU2_10 Pin=U4-8
Added Pin To Net: NetName=NetU2_10 Pin=U5-8
Added Net: Name=NetU2_10
Added Pin To Net: NetName=NetU2_11 Pin=U2-11
Added Pin To Net: NetName=NetU2_11 Pin=U3-1
Added Pin To Net: NetName=NetU2_11 Pin=U4-1
Added Pin To Net: NetName=NetU2_11 Pin=U5-1
Added Net: Name=NetU2_11
Added Pin To Net: NetName=NetU2_39 Pin=U2-39
Added Pin To Net: NetName=NetU2_39 Pin=U2-41
Added Net: Name=NetU2_39
Added Pin To Net: NetName=NetU2_42 Pin=U2-42
Added Pin To Net: NetName=NetU2_42 Pin=U2-44
Added Net: Name=NetU2_42
Added Pin To Net: NetName=NetU3_2 Pin=U3-2
Added Pin To Net: NetName=NetU3_2 Pin=X1-2
Added Net: Name=NetU3_2
Added Pin To Net: NetName=NetU3_3 Pin=U3-3
Added Pin To Net: NetName=NetU3_3 Pin=X1-3
Added Net: Name=NetU3_3
Added Pin To Net: NetName=NetU3_9 Pin=U3-9
Added Pin To Net: NetName=NetU3_9 Pin=X1-6
Added Net: Name=NetU3_9
Added Pin To Net: NetName=NetU4_2 Pin=U4-2
Added Pin To Net: NetName=NetU4_2 Pin=X2-2
Added Net: Name=NetU4_2
Added Pin To Net: NetName=NetU4_3 Pin=U4-3
Added Pin To Net: NetName=NetU4_3 Pin=X2-3
Added Net: Name=NetU4_3
Added Pin To Net: NetName=NetU4_9 Pin=U4-9
Added Pin To Net: NetName=NetU4_9 Pin=X2-6
Added Net: Name=NetU4_9
Added Pin To Net: NetName=NetU5_2 Pin=U5-2
Added Pin To Net: NetName=NetU5_2 Pin=X3-2
Added Net: Name=NetU5_2
Added Pin To Net: NetName=NetU5_3 Pin=U5-3
Added Pin To Net: NetName=NetU5_3 Pin=X3-3
Added Net: Name=NetU5_3
Added Pin To Net: NetName=NetU5_9 Pin=U5-9
Added Pin To Net: NetName=NetU5_9 Pin=X3-6
Added Net: Name=NetU5_9
Added Pin To Net: NetName=RESET Pin=C21-2
Added Pin To Net: NetName=RESET Pin=P5-3
Added Pin To Net: NetName=RESET Pin=U7-7
Added Net: Name=RESET
Added Pin To Net: NetName=SHOCK1 Pin=P3-16
Added Pin To Net: NetName=SHOCK1 Pin=R42-1
Added Net: Name=SHOCK1
Added Pin To Net: NetName=SHOCK2 Pin=P3-17
Added Pin To Net: NetName=SHOCK2 Pin=R45-1
Added Net: Name=SHOCK2
Added Pin To Net: NetName=SIM1 Pin=U3-5
Added Pin To Net: NetName=SIM1 Pin=U3-6
Added Pin To Net: NetName=SIM1 Pin=U3-13
Added Pin To Net: NetName=SIM1 Pin=U7-2
Added Net: Name=SIM1
Added Pin To Net: NetName=SIM2 Pin=U4-5
Added Pin To Net: NetName=SIM2 Pin=U4-6
Added Pin To Net: NetName=SIM2 Pin=U4-13
Added Pin To Net: NetName=SIM2 Pin=U7-3
Added Net: Name=SIM2
Added Pin To Net: NetName=SIM3 Pin=U5-5
Added Pin To Net: NetName=SIM3 Pin=U5-6
Added Pin To Net: NetName=SIM3 Pin=U5-13
Added Pin To Net: NetName=SIM3 Pin=U7-4
Added Net: Name=SIM3
Added Pin To Net: NetName=SIREN Pin=P3-14
Added Pin To Net: NetName=SIREN Pin=Q9-4
Added Net: Name=SIREN
Added Pin To Net: NetName=SPI_MISO Pin=P6-4
Added Pin To Net: NetName=SPI_MISO Pin=U7-22
Added Net: Name=SPI_MISO
Added Pin To Net: NetName=SPI_MOSI Pin=P6-5
Added Pin To Net: NetName=SPI_MOSI Pin=U7-23
Added Net: Name=SPI_MOSI
Added Pin To Net: NetName=SPI_SCK Pin=P6-3
Added Pin To Net: NetName=SPI_SCK Pin=U7-21
Added Net: Name=SPI_SCK
Added Pin To Net: NetName=SPI_SS Pin=P6-2
Added Pin To Net: NetName=SPI_SS Pin=U7-20
Added Net: Name=SPI_SS
Added Pin To Net: NetName=ST_IN Pin=P2-5
Added Pin To Net: NetName=ST_IN Pin=R17-1
Added Net: Name=ST_IN
Added Pin To Net: NetName=ST_OUT Pin=P2-6
Added Pin To Net: NetName=ST_OUT Pin=Q8-4
Added Pin To Net: NetName=ST_OUT Pin=VD8-2
Added Net: Name=ST_OUT
Added Pin To Net: NetName=TCK Pin=P5-8
Added Pin To Net: NetName=TCK Pin=U7-49
Added Net: Name=TCK
Added Pin To Net: NetName=TDI Pin=P5-10
Added Pin To Net: NetName=TDI Pin=U7-50
Added Net: Name=TDI
Added Pin To Net: NetName=TDO Pin=P5-4
Added Pin To Net: NetName=TDO Pin=U7-55
Added Net: Name=TDO
Added Pin To Net: NetName=TMS Pin=P5-6
Added Pin To Net: NetName=TMS Pin=U7-46
Added Net: Name=TMS
Added Pin To Net: NetName=TR_GP1 Pin=U7-44
Added Net: Name=TR_GP1
Added Pin To Net: NetName=TR_GP2 Pin=P6-6
Added Pin To Net: NetName=TR_GP2 Pin=P6-7
Added Pin To Net: NetName=TR_GP2 Pin=U7-45
Added Net: Name=TR_GP2
Added Pin To Net: NetName=TRST Pin=P5-2
Added Pin To Net: NetName=TRST Pin=U7-56
Added Net: Name=TRST
Added Pin To Net: NetName=TRUNK_TR Pin=P3-13
Added Pin To Net: NetName=TRUNK_TR Pin=R33-1
Added Net: Name=TRUNK_TR
Added Pin To Net: NetName=VCC+1.8V Pin=C30-1
Added Pin To Net: NetName=VCC+1.8V Pin=C33-1
Added Pin To Net: NetName=VCC+1.8V Pin=C34-1
Added Pin To Net: NetName=VCC+1.8V Pin=U8-22
Added Pin To Net: NetName=VCC+1.8V Pin=U9-1
Added Pin To Net: NetName=VCC+1.8V Pin=U9-4
Added Net: Name=VCC+1.8V
Added Pin To Net: NetName=VCC+3.3V Pin=C1-1
Added Pin To Net: NetName=VCC+3.3V Pin=C2-1
Added Pin To Net: NetName=VCC+3.3V Pin=C3-1
Added Pin To Net: NetName=VCC+3.3V Pin=C4-1
Added Pin To Net: NetName=VCC+3.3V Pin=C5-1
Added Pin To Net: NetName=VCC+3.3V Pin=C6-1
Added Pin To Net: NetName=VCC+3.3V Pin=C22-2
Added Pin To Net: NetName=VCC+3.3V Pin=C23-2
Added Pin To Net: NetName=VCC+3.3V Pin=C24-2
Added Pin To Net: NetName=VCC+3.3V Pin=C25-2
Added Pin To Net: NetName=VCC+3.3V Pin=C26-2
Added Pin To Net: NetName=VCC+3.3V Pin=C27-2
Added Pin To Net: NetName=VCC+3.3V Pin=C28-2
Added Pin To Net: NetName=VCC+3.3V Pin=C29-1
Added Pin To Net: NetName=VCC+3.3V Pin=C31-1
Added Pin To Net: NetName=VCC+3.3V Pin=C41-1
Added Pin To Net: NetName=VCC+3.3V Pin=C42-1
Added Pin To Net: NetName=VCC+3.3V Pin=P5-1
Added Pin To Net: NetName=VCC+3.3V Pin=P7-1
Added Pin To Net: NetName=VCC+3.3V Pin=P7-2
Added Pin To Net: NetName=VCC+3.3V Pin=P7-3
Added Pin To Net: NetName=VCC+3.3V Pin=R1-2
Added Pin To Net: NetName=VCC+3.3V Pin=R2-2
Added Pin To Net: NetName=VCC+3.3V Pin=R3-2
Added Pin To Net: NetName=VCC+3.3V Pin=R46-1
Added Pin To Net: NetName=VCC+3.3V Pin=R47-1
Added Pin To Net: NetName=VCC+3.3V Pin=R66-2
Added Pin To Net: NetName=VCC+3.3V Pin=U1-6
Added Pin To Net: NetName=VCC+3.3V Pin=U1-10
Added Pin To Net: NetName=VCC+3.3V Pin=U1-11
Added Pin To Net: NetName=VCC+3.3V Pin=U3-14
Added Pin To Net: NetName=VCC+3.3V Pin=U4-14
Added Pin To Net: NetName=VCC+3.3V Pin=U5-14
Added Pin To Net: NetName=VCC+3.3V Pin=U7-1
Added Pin To Net: NetName=VCC+3.3V Pin=U7-13
Added Pin To Net: NetName=VCC+3.3V Pin=U7-19
Added Pin To Net: NetName=VCC+3.3V Pin=U7-32
Added Pin To Net: NetName=VCC+3.3V Pin=U7-48
Added Pin To Net: NetName=VCC+3.3V Pin=U7-64
Added Pin To Net: NetName=VCC+3.3V Pin=U8-21
Added Pin To Net: NetName=VCC+3.3V Pin=U8-23
Added Pin To Net: NetName=VCC+3.3V Pin=U12-1
Added Pin To Net: NetName=VCC+3.3V Pin=U12-4
Added Net: Name=VCC+3.3V
Added Pin To Net: NetName=VCC+4.2V Pin=C17-1
Added Pin To Net: NetName=VCC+4.2V Pin=C43-1
Added Pin To Net: NetName=VCC+4.2V Pin=C44-1
Added Pin To Net: NetName=VCC+4.2V Pin=R68-2
Added Pin To Net: NetName=VCC+4.2V Pin=U2-29
Added Pin To Net: NetName=VCC+4.2V Pin=U2-30
Added Pin To Net: NetName=VCC+4.2V Pin=U13-2
Added Pin To Net: NetName=VCC+4.2V Pin=U13-4
Added Net: Name=VCC+4.2V
Added Pin To Net: NetName=VCC+5V Pin=C18-2
Added Pin To Net: NetName=VCC+5V Pin=C39-1
Added Pin To Net: NetName=VCC+5V Pin=C40-1
Added Pin To Net: NetName=VCC+5V Pin=P7-4
Added Pin To Net: NetName=VCC+5V Pin=P7-5
Added Pin To Net: NetName=VCC+5V Pin=R61-2
Added Pin To Net: NetName=VCC+5V Pin=U6-1
Added Pin To Net: NetName=VCC+5V Pin=U6-7
Added Pin To Net: NetName=VCC+5V Pin=U6-8
Added Pin To Net: NetName=VCC+5V Pin=U9-2
Added Pin To Net: NetName=VCC+5V Pin=U10-3
Added Pin To Net: NetName=VCC+5V Pin=U12-2
Added Pin To Net: NetName=VCC+5V Pin=U12-7
Added Net: Name=VCC+5V
Added Pin To Net: NetName=VCC+12V Pin=C36-1
Added Pin To Net: NetName=VCC+12V Pin=K1-2
Added Pin To Net: NetName=VCC+12V Pin=K2-2
Added Pin To Net: NetName=VCC+12V Pin=K3-2
Added Pin To Net: NetName=VCC+12V Pin=K4-2
Added Pin To Net: NetName=VCC+12V Pin=K5-2
Added Pin To Net: NetName=VCC+12V Pin=P3-1
Added Pin To Net: NetName=VCC+12V Pin=Q4-3
Added Pin To Net: NetName=VCC+12V Pin=Q9-3
Added Pin To Net: NetName=VCC+12V Pin=Q11-3
Added Pin To Net: NetName=VCC+12V Pin=R12-2
Added Pin To Net: NetName=VCC+12V Pin=R34-2
Added Pin To Net: NetName=VCC+12V Pin=R38-2
Added Pin To Net: NetName=VCC+12V Pin=R63-2
Added Pin To Net: NetName=VCC+12V Pin=U11-1
Added Pin To Net: NetName=VCC+12V Pin=VD3-1
Added Pin To Net: NetName=VCC+12V Pin=VD4-1
Added Pin To Net: NetName=VCC+12V Pin=VD5-1
Added Pin To Net: NetName=VCC+12V Pin=VD6-1
Added Pin To Net: NetName=VCC+12V Pin=VD7-1
Added Net: Name=VCC+12V
Added Class: Name=BLUETOOTH_UNIT
Added Class: Name=CAR ALARM_UNIT
Added Class: Name=GSM_UNIT
Added Class: Name=MFU 1.00
Added Class: Name=NAVIGATION_UNIT
Added Class: Name=POWER_UNIT
Added Room: Name=BLUETOOTH_UNIT
Added Room: Name=CAR ALARM_UNIT
Added Room: Name=GSM_UNIT
Added Room: Name=MFU 1.00
Added Room: Name=NAVIGATION_UNIT
Added Room: Name=POWER_UNIT
