PCAD Importer Log
Project : SD-WC.PrjPcb

Section : E:\PCAD\PROJECT\SD-WC.pcb
    Section : Load Messages
        Warning - 1 : Skipping Token defaultPinDes On Line 484
        Warning - 1 : Skipping Token defaultPinDes On Line 485
        Warning - 1 : Skipping Token defaultPinDes On Line 486
        Warning - 1 : Skipping Token defaultPinDes On Line 487
        Warning - 1 : Skipping Token defaultPinDes On Line 488
        Warning - 1 : Skipping Token defaultPinDes On Line 508
        Warning - 1 : Skipping Token defaultPinDes On Line 509
        Warning - 1 : Skipping Token defaultPinDes On Line 510
        Warning - 1 : Skipping Token defaultPinDes On Line 525
        Warning - 1 : Skipping Token defaultPinDes On Line 526
        Warning - 1 : Skipping Token defaultPinDes On Line 527
        Warning - 1 : Skipping Token defaultPinDes On Line 583
        Warning - 1 : Skipping Token defaultPinDes On Line 584
        Warning - 1 : Skipping Token defaultPinDes On Line 612
        Warning - 1 : Skipping Token defaultPinDes On Line 613
        Warning - 1 : Skipping Token defaultPinDes On Line 674
        Warning - 1 : Skipping Token defaultPinDes On Line 675
        Warning - 1 : Skipping Token defaultPinDes On Line 676
        Warning - 1 : Skipping Token defaultPinDes On Line 677
        Warning - 1 : Skipping Token defaultPinDes On Line 678
        Warning - 1 : Skipping Token defaultPinDes On Line 679
        Warning - 1 : Skipping Token defaultPinDes On Line 680
        Warning - 1 : Skipping Token defaultPinDes On Line 681
        Warning - 1 : Skipping Token defaultPinDes On Line 682
        Warning - 1 : Skipping Token defaultPinDes On Line 683
        Warning - 1 : Skipping Token defaultPinDes On Line 684
        Warning - 1 : Skipping Token defaultPinDes On Line 685
        Warning - 1 : Skipping Token defaultPinDes On Line 686
        Warning - 1 : Skipping Token defaultPinDes On Line 687
        Warning - 1 : Skipping Token defaultPinDes On Line 688
        Warning - 1 : Skipping Token defaultPinDes On Line 689
        Warning - 1 : Skipping Token defaultPinDes On Line 690
        Warning - 1 : Skipping Token defaultPinDes On Line 691
        Warning - 1 : Skipping Token defaultPinDes On Line 692
        Warning - 1 : Skipping Token defaultPinDes On Line 693
        Warning - 1 : Skipping Token defaultPinDes On Line 694
        Warning - 1 : Skipping Token defaultPinDes On Line 695
        Warning - 1 : Skipping Token defaultPinDes On Line 696
        Warning - 1 : Skipping Token defaultPinDes On Line 697
        Warning - 1 : Skipping Token defaultPinDes On Line 698
        Warning - 1 : Skipping Token defaultPinDes On Line 699
        Warning - 1 : Skipping Token defaultPinDes On Line 700
        Warning - 1 : Skipping Token defaultPinDes On Line 701
        Warning - 1 : Skipping Token defaultPinDes On Line 702
        Warning - 1 : Skipping Token defaultPinDes On Line 703
        Warning - 1 : Skipping Token defaultPinDes On Line 704
        Warning - 1 : Skipping Token defaultPinDes On Line 705
        Warning - 1 : Skipping Token defaultPinDes On Line 706
        Warning - 1 : Skipping Token defaultPinDes On Line 707
        Warning - 1 : Skipping Token defaultPinDes On Line 708
        Warning - 1 : Skipping Token defaultPinDes On Line 709
        Warning - 1 : Skipping Token defaultPinDes On Line 710
        Warning - 1 : Skipping Token defaultPinDes On Line 711
        Warning - 1 : Skipping Token defaultPinDes On Line 712
        Warning - 1 : Skipping Token defaultPinDes On Line 713
        Warning - 1 : Skipping Token defaultPinDes On Line 714
        Warning - 1 : Skipping Token defaultPinDes On Line 715
        Warning - 1 : Skipping Token defaultPinDes On Line 716
        Warning - 1 : Skipping Token defaultPinDes On Line 717
        Warning - 1 : Skipping Token defaultPinDes On Line 718
        Warning - 1 : Skipping Token defaultPinDes On Line 719
        Warning - 1 : Skipping Token defaultPinDes On Line 744
        Warning - 1 : Skipping Token defaultPinDes On Line 745
        Warning - 1 : Skipping Token defaultPinDes On Line 773
        Warning - 1 : Skipping Token defaultPinDes On Line 774
        Warning - 1 : Skipping Token defaultPinDes On Line 775
        Warning - 1 : Skipping Token defaultPinDes On Line 776
        Warning - 1 : Skipping Token defaultPinDes On Line 777
        Warning - 1 : Skipping Token defaultPinDes On Line 778
        Warning - 1 : Skipping Token defaultPinDes On Line 779
        Warning - 1 : Skipping Token defaultPinDes On Line 780
        Warning - 1 : Skipping Token defaultPinDes On Line 803
        Warning - 1 : Skipping Token defaultPinDes On Line 804
        Warning - 1 : Skipping Token defaultPinDes On Line 805
        Warning - 1 : Skipping Token defaultPinDes On Line 824
        Warning - 1 : Skipping Token defaultPinDes On Line 825
        Warning - 1 : Skipping Token defaultPinDes On Line 826
        Warning - 1 : Skipping Token defaultPinDes On Line 827
        Warning - 1 : Skipping Token defaultPinDes On Line 828
        Warning - 1 : Skipping Token defaultPinDes On Line 829
        Warning - 1 : Skipping Token defaultPinDes On Line 830
        Warning - 1 : Skipping Token defaultPinDes On Line 831
        Warning - 1 : Skipping Token defaultPinDes On Line 832
        Warning - 1 : Skipping Token defaultPinDes On Line 833
        Warning - 1 : Skipping Token defaultPinDes On Line 834
        Warning - 1 : Skipping Token defaultPinDes On Line 835
        Warning - 1 : Skipping Token defaultPinDes On Line 836
        Warning - 1 : Skipping Token defaultPinDes On Line 837
        Warning - 1 : Skipping Token defaultPinDes On Line 838
        Warning - 1 : Skipping Token defaultPinDes On Line 839
        Warning - 1 : Skipping Token defaultPinDes On Line 840
        Warning - 1 : Skipping Token defaultPinDes On Line 841
        Warning - 1 : Skipping Token defaultPinDes On Line 842
        Warning - 1 : Skipping Token defaultPinDes On Line 843
        Warning - 1 : Skipping Token defaultPinDes On Line 844
        Warning - 1 : Skipping Token defaultPinDes On Line 845
        Warning - 1 : Skipping Token defaultPinDes On Line 846
        Warning - 1 : Skipping Token defaultPinDes On Line 847
        Warning - 1 : Skipping Token defaultPinDes On Line 848
        Warning - 1 : Skipping Token defaultPinDes On Line 849
        Warning - 1 : Skipping Token defaultPinDes On Line 850
        Warning - 1 : Skipping Token defaultPinDes On Line 851
        Warning - 1 : Skipping Token defaultPinDes On Line 852
        Warning - 1 : Skipping Token defaultPinDes On Line 853
        Warning - 1 : Skipping Token defaultPinDes On Line 854
        Warning - 1 : Skipping Token defaultPinDes On Line 855
        Warning - 1 : Skipping Token defaultPinDes On Line 875
        Warning - 1 : Skipping Token defaultPinDes On Line 876
        Warning - 1 : Skipping Token defaultPinDes On Line 877
        Warning - 1 : Skipping Token defaultPinDes On Line 878
        Warning - 1 : Skipping Token defaultPinDes On Line 879
        Warning - 1 : Skipping Token defaultPinDes On Line 880
        Warning - 1 : Skipping Token defaultPinDes On Line 881
        Warning - 1 : Skipping Token defaultPinDes On Line 882
        Warning - 1 : Skipping Token defaultPinDes On Line 883
        Warning - 1 : Skipping Token defaultPinDes On Line 884
        Warning - 1 : Skipping Token defaultPinDes On Line 885
        Warning - 1 : Skipping Token defaultPinDes On Line 886
        Warning - 1 : Skipping Token defaultPinDes On Line 905
        Warning - 1 : Skipping Token defaultPinDes On Line 906
        Warning - 1 : Skipping Token defaultPinDes On Line 907
        Warning - 1 : Skipping Token defaultPinDes On Line 975
        Warning - 1 : Skipping Token defaultPinDes On Line 976
        Warning - 1 : Skipping Token defaultPinDes On Line 977
        Warning - 1 : Skipping Token defaultPinDes On Line 978
        Warning - 1 : Skipping Token defaultPinDes On Line 979
        Warning - 1 : Skipping Token defaultPinDes On Line 980
        Warning - 1 : Skipping Token defaultPinDes On Line 981
        Warning - 1 : Skipping Token defaultPinDes On Line 982
        Warning - 1 : Skipping Token defaultPinDes On Line 1003
        Warning - 1 : Skipping Token defaultPinDes On Line 1004
        Warning - 1 : Skipping Token attachedSymbol On Line 1031
        Warning - 1 : Skipping Token attachedSymbol On Line 1056
        Warning - 1 : Skipping Token attachedSymbol On Line 1079
        Warning - 1 : Skipping Token attachedSymbol On Line 1101
        Warning - 1 : Skipping Token attachedSymbol On Line 1122
        Warning - 1 : Skipping Token attachedSymbol On Line 1147
        Warning - 1 : Skipping Token attachedSymbol On Line 1169
        Warning - 1 : Skipping Token attachedSymbol On Line 1197
        Warning - 1 : Skipping Token attachedSymbol On Line 1224
        Warning - 1 : Skipping Token attachedSymbol On Line 1246
        Warning - 1 : Skipping Token attachedSymbol On Line 1297
        Warning - 1 : Skipping Token attachedSymbol On Line 1348
        Warning - 1 : Skipping Token attachedSymbol On Line 1375
        Warning - 1 : Skipping Token attachedSymbol On Line 1412
        Warning - 1 : Skipping Token attachedSymbol On Line 1443
        Warning - 1 : Skipping Token attachedSymbol On Line 1509
        Warning - 1 : Skipping Token attachedSymbol On Line 1575
        Warning - 1 : Skipping Token attachedSymbol On Line 1597
        Warning - 1 : Skipping Token attachedSymbol On Line 1622
        Warning - 1 : Skipping Token refPointSize On Line 2195
        Warning - 1 : Skipping Token infoPointSize On Line 2196
        Warning - 1 : Skipping Token gluePointSize On Line 2197
        Warning - 1 : Skipping Token pickPointSize On Line 2198
        Warning - 1 : Skipping Token testPointSize On Line 2199
        Warning - 1 : Skipping Token refPointSizePrint On Line 2200
        Warning - 1 : Skipping Token infoPointSizePrint On Line 2201
        Warning - 1 : Skipping Token gluePointSizePrint On Line 2202
        Warning - 1 : Skipping Token pickPointSizePrint On Line 2203
        Warning - 1 : Skipping Token testPointSizePrint On Line 2204
        Warning - 1 : Skipping Token solderFlowDirection On Line 2205
        Warning - 1 : Skipping Token globalCopperPourCutoutBackoffFlag On Line 2206
        Warning - 1 : Skipping Token useLegacyBackoffAlgorithm On Line 2207
        Warning - 1 : Skipping Token useLegacyCupourIslandGenerationAlgorithm On Line 2208
        Warning - 1 : Skipping Token isFixed On Line 2451
        Warning - 1 : Skipping Token isFixed On Line 2464
        Warning - 1 : Skipping Token isFixed On Line 2553
        Warning - 1 : Skipping Token isFixed On Line 2577
        Warning - 1 : Skipping Token netNameRef On Line 3025
        Warning - 1 : Skipping Token island On Line 3027
        Warning - 1 : Skipping Token island On Line 3104
        Warning - 1 : Skipping Token netNameRef On Line 3155
        Warning - 1 : Skipping Token island On Line 3157
        Warning - 1 : Skipping Token island On Line 3191
        Warning - 1 : Skipping Token island On Line 3310
        Warning - 1 : Skipping Token island On Line 3396
        Warning - 1 : Skipping Token island On Line 3631
        Warning - 1 : Skipping Token island On Line 3689
        Warning - 1 : Skipping Token island On Line 3721
        Warning - 1 : Skipping Token island On Line 3801
        Warning - 1 : Skipping Token island On Line 3889
        Warning - 1 : Skipping Token netNameRef On Line 4558
        Warning - 1 : Skipping Token island On Line 4560
        Warning - 1 : Skipping Token island On Line 4590
        Warning - 1 : Skipping Token island On Line 4614
        Warning - 1 : Skipping Token island On Line 4706
        Warning - 1 : Skipping Token island On Line 4791
        Warning - 1 : Skipping Token island On Line 4903
        Warning - 1 : Skipping Token island On Line 5060
        Warning - 1 : Skipping Token island On Line 5305
        Warning - 1 : Skipping Token dimensionOffsets On Line 5636
        Warning - 1 : Skipping Token dimensionOffsets On Line 5674
        Warning - 1 : Skipping Token dimensionOffsets On Line 5712
        Warning - 1 : Skipping Token dimensionOffsets On Line 5773
        Warning - 1 : Skipping Token dimensionOffsets On Line 5823
        Warning - 1 : Skipping Token dimensionOffsets On Line 5883
        Warning - 1 : Skipping Token dimensionOffsets On Line 5943
        Warning - 1 : Skipping Token dimensionOffsets On Line 6005
        Warning - 1 : Skipping Token dimensionOffsets On Line 6065
        Warning - 1 : Skipping Token dimensionOffsets On Line 6125
        Warning - 1 : Skipping Token drillSymSettings On Line 6146
        Warning - 1 : Skipping Token gerberSettings On Line 6148
        Warning - 1 : Skipping Token ncDrillSettings On Line 6162
        Warning - 1 : Skipping Token programState On Line 6171
        Warning - 1 : Skipping Token displayDrawOrder On Line 6212
        Warning - 1 : Skipping Token reportSettings On Line 6455
        Warning - 1 : Skipping Token odbSettings On Line 7144
    EndSection

    Section : Import Messages
        Warning - 0 : PCAD Pattern Graphics [KONDENS-E6.5][Primary] associated with PCAD Component [KONDENS-E6.5MM] has been renamed to PCB FootPrint [KONDENS-E6.5_KONDENS-E6.5MM(Primary)].
        Warning : Mounting Hole Pad Converted To Rounded Pad
        Warning : Mounting Hole Pad Converted To Rounded Pad
        Warning : Mounting Hole Pad Converted To Rounded Pad
        Warning : No Connect Pad Converted To Rounded Pad
        Warning : No Connect Pad Converted To Rounded Pad
        Warning - 0 : PCAD Pattern Graphics [HC-49/S-SMD][Primary] associated with PCAD Component [по-99_(SMD)] has been renamed to PCB FootPrint [HC-49/S-SMD_по-99_(SMD)(Primary)].
        Warning : Mounting Hole Pad Converted To Rounded Pad
        Warning : Mounting Hole Pad Converted To Rounded Pad
        Warning : Mounting Hole Pad Converted To Rounded Pad
        Warning - 0 : PCAD Pattern Graphics [KONDENS-E6.5][Primary] associated with PCAD Component [KONDENS-E6.5MM] has been renamed to PCB FootPrint [KONDENS-E6.5_KONDENS-E6.5MM(Primary)].
        Warning : Mounting Hole Pad Converted To Rounded Pad
        Warning : Mounting Hole Pad Converted To Rounded Pad
        Warning : Mounting Hole Pad Converted To Rounded Pad
        Warning : Mounting Hole Pad Converted To Rounded Pad
        Warning : Mounting Hole Pad Converted To Rounded Pad
        Warning : Mounting Hole Pad Converted To Rounded Pad
        Warning - 0 : PCAD Pattern Graphics [KONDENS-E6.5][Primary] associated with PCAD Component [KONDENS-E6.5MM] has been renamed to PCB FootPrint [KONDENS-E6.5_KONDENS-E6.5MM(Primary)].
        Warning - 0 : PCAD Pattern Graphics [32A][Primary] associated with PCAD Component [ATMEGA8L-8AI] has been renamed to PCB FootPrint [32A_ATMEGA8L-8AI(Primary)].
    EndSection
EndSection
